

eshop(IP:127.0.0.1)	2017/2/3 15:58:21	无法打开登录所请求的数据库 "diguang"。登录失败。
用户 'sa' 登录失败。
   在 DTcms.DBUtility.DbHelperSQL.Query(String SQLString) 位置 f:\ltf\DTcms\DTcms.DBUtility\DbHelperSQL.cs:行号 552
   在 DTcms.DAL.users.GetList(Int32 Top, String strWhere, String filedOrder) 位置 f:\ltf\DTcms\DTcms.DAL\users.cs:行号 728
   在 DTcms.BLL.users.GetList(Int32 Top, String strWhere, String filedOrder) 位置 f:\ltf\DTcms\DTcms.BLL\users.cs:行号 145
   在 DTcms.Web.Global.Session_Start(Object sender, EventArgs e) 位置 f:\ltf\DTcms\DTcms.Web\Global.asax.cs:行号 51
   在 System.Web.SessionState.SessionStateModule.RaiseOnStart(EventArgs e)
   在 System.Web.SessionState.SessionStateModule.CompleteAcquireState()
   在 System.Web.SessionState.SessionStateModule.BeginAcquireState(Object source, EventArgs e, AsyncCallback cb, Object extraData)
   在 System.Web.HttpApplication.AsyncEventExecutionStep.System.Web.HttpApplication.IExecutionStep.Execute()
   在 System.Web.HttpApplication.ExecuteStep(IExecutionStep step, Boolean& completedSynchronously)


eshop(IP:127.0.0.1)	2017/2/3 16:00:12	')' 附近有语法错误。
   在 DTcms.DBUtility.DbHelperSQL.ExecuteSql(String SQLString) 位置 f:\ltf\DTcms\DTcms.DBUtility\DbHelperSQL.cs:行号 155
   在 DTcms.DAL.article.UpdateList(String IDlist) 位置 f:\ltf\DTcms\DTcms.DAL\article_goods.cs:行号 48
   在 DTcms.BLL.article.UpdateList(String IDlist) 位置 f:\ltf\DTcms\DTcms.BLL\article.cs:行号 52
   在 DTcms.Web.Global.Session_Start(Object sender, EventArgs e) 位置 f:\ltf\DTcms\DTcms.Web\Global.asax.cs:行号 117
   在 System.Web.SessionState.SessionStateModule.RaiseOnStart(EventArgs e)
   在 System.Web.SessionState.SessionStateModule.CompleteAcquireState()
   在 System.Web.SessionState.SessionStateModule.BeginAcquireState(Object source, EventArgs e, AsyncCallback cb, Object extraData)
   在 System.Web.HttpApplication.AsyncEventExecutionStep.System.Web.HttpApplication.IExecutionStep.Execute()
   在 System.Web.HttpApplication.ExecuteStep(IExecutionStep step, Boolean& completedSynchronously)


eshop(IP:127.0.0.1)	2017/2/3 16:00:13	文件不存在。
   在 System.Web.StaticFileHandler.GetFileInfo(String virtualPathWithPathInfo, String physicalPath, HttpResponse response)
   在 System.Web.StaticFileHandler.ProcessRequestInternal(HttpContext context, String overrideVirtualPath)
   在 System.Web.DefaultHttpHandler.BeginProcessRequest(HttpContext context, AsyncCallback callback, Object state)
   在 System.Web.HttpApplication.CallHandlerExecutionStep.System.Web.HttpApplication.IExecutionStep.Execute()
   在 System.Web.HttpApplication.ExecuteStep(IExecutionStep step, Boolean& completedSynchronously)


eshop(IP:127.0.0.1)	2017/2/3 16:00:13	文件不存在。
   在 System.Web.StaticFileHandler.GetFileInfo(String virtualPathWithPathInfo, String physicalPath, HttpResponse response)
   在 System.Web.StaticFileHandler.ProcessRequestInternal(HttpContext context, String overrideVirtualPath)
   在 System.Web.DefaultHttpHandler.BeginProcessRequest(HttpContext context, AsyncCallback callback, Object state)
   在 System.Web.HttpApplication.CallHandlerExecutionStep.System.Web.HttpApplication.IExecutionStep.Execute()
   在 System.Web.HttpApplication.ExecuteStep(IExecutionStep step, Boolean& completedSynchronously)


eshop(IP:127.0.0.1)	2017/2/3 16:00:13	文件不存在。
   在 System.Web.StaticFileHandler.GetFileInfo(String virtualPathWithPathInfo, String physicalPath, HttpResponse response)
   在 System.Web.StaticFileHandler.ProcessRequestInternal(HttpContext context, String overrideVirtualPath)
   在 System.Web.DefaultHttpHandler.BeginProcessRequest(HttpContext context, AsyncCallback callback, Object state)
   在 System.Web.HttpApplication.CallHandlerExecutionStep.System.Web.HttpApplication.IExecutionStep.Execute()
   在 System.Web.HttpApplication.ExecuteStep(IExecutionStep step, Boolean& completedSynchronously)


eshop(IP:127.0.0.1)	2017/2/3 16:00:13	文件不存在。
   在 System.Web.StaticFileHandler.GetFileInfo(String virtualPathWithPathInfo, String physicalPath, HttpResponse response)
   在 System.Web.StaticFileHandler.ProcessRequestInternal(HttpContext context, String overrideVirtualPath)
   在 System.Web.DefaultHttpHandler.BeginProcessRequest(HttpContext context, AsyncCallback callback, Object state)
   在 System.Web.HttpApplication.CallHandlerExecutionStep.System.Web.HttpApplication.IExecutionStep.Execute()
   在 System.Web.HttpApplication.ExecuteStep(IExecutionStep step, Boolean& completedSynchronously)


eshop(IP:127.0.0.1)	2017/2/3 16:00:13	文件不存在。
   在 System.Web.StaticFileHandler.GetFileInfo(String virtualPathWithPathInfo, String physicalPath, HttpResponse response)
   在 System.Web.StaticFileHandler.ProcessRequestInternal(HttpContext context, String overrideVirtualPath)
   在 System.Web.DefaultHttpHandler.BeginProcessRequest(HttpContext context, AsyncCallback callback, Object state)
   在 System.Web.HttpApplication.CallHandlerExecutionStep.System.Web.HttpApplication.IExecutionStep.Execute()
   在 System.Web.HttpApplication.ExecuteStep(IExecutionStep step, Boolean& completedSynchronously)


eshop(IP:127.0.0.1)	2017/2/3 16:00:14	文件不存在。
   在 System.Web.StaticFileHandler.GetFileInfo(String virtualPathWithPathInfo, String physicalPath, HttpResponse response)
   在 System.Web.StaticFileHandler.ProcessRequestInternal(HttpContext context, String overrideVirtualPath)
   在 System.Web.DefaultHttpHandler.BeginProcessRequest(HttpContext context, AsyncCallback callback, Object state)
   在 System.Web.HttpApplication.CallHandlerExecutionStep.System.Web.HttpApplication.IExecutionStep.Execute()
   在 System.Web.HttpApplication.ExecuteStep(IExecutionStep step, Boolean& completedSynchronously)


eshop(IP:127.0.0.1)	2017/2/3 16:00:14	文件不存在。
   在 System.Web.StaticFileHandler.GetFileInfo(String virtualPathWithPathInfo, String physicalPath, HttpResponse response)
   在 System.Web.StaticFileHandler.ProcessRequestInternal(HttpContext context, String overrideVirtualPath)
   在 System.Web.DefaultHttpHandler.BeginProcessRequest(HttpContext context, AsyncCallback callback, Object state)
   在 System.Web.HttpApplication.CallHandlerExecutionStep.System.Web.HttpApplication.IExecutionStep.Execute()
   在 System.Web.HttpApplication.ExecuteStep(IExecutionStep step, Boolean& completedSynchronously)


eshop(IP:127.0.0.1)	2017/2/3 16:00:14	文件不存在。
   在 System.Web.StaticFileHandler.GetFileInfo(String virtualPathWithPathInfo, String physicalPath, HttpResponse response)
   在 System.Web.StaticFileHandler.ProcessRequestInternal(HttpContext context, String overrideVirtualPath)
   在 System.Web.DefaultHttpHandler.BeginProcessRequest(HttpContext context, AsyncCallback callback, Object state)
   在 System.Web.HttpApplication.CallHandlerExecutionStep.System.Web.HttpApplication.IExecutionStep.Execute()
   在 System.Web.HttpApplication.ExecuteStep(IExecutionStep step, Boolean& completedSynchronously)
