

eshop(IP:127.0.0.1)	2016/6/24 14:14:10	在与 SQL Server 建立连接时出现与网络相关的或特定于实例的错误。未找到或无法访问服务器。请验证实例名称是否正确并且 SQL Server 已配置为允许远程连接。 (provider: Named Pipes Provider, error: 40 - 无法打开到 SQL Server 的连接)
   在 DTcms.DBUtility.DbHelperSQL.Query(String SQLString) 位置 f:\ltf\DTcms\DTcms.DBUtility\DbHelperSQL.cs:行号 552
   在 DTcms.DAL.users.GetList(Int32 Top, String strWhere, String filedOrder) 位置 f:\ltf\DTcms\DTcms.DAL\users.cs:行号 718
   在 DTcms.Web.Global.Session_Start(Object sender, EventArgs e) 位置 f:\ltf\DTcms\DTcms.Web\Global.asax.cs:行号 50
   在 System.Web.SessionState.SessionStateModule.CompleteAcquireState()
   在 System.Web.SessionState.SessionStateModule.BeginAcquireState(Object source, EventArgs e, AsyncCallback cb, Object extraData)
   在 System.Web.HttpApplication.AsyncEventExecutionStep.System.Web.HttpApplication.IExecutionStep.Execute()
   在 System.Web.HttpApplication.ExecuteStep(IExecutionStep step, Boolean& completedSynchronously)


eshop(IP:127.0.0.1)	2016/6/24 14:14:49	在与 SQL Server 建立连接时出现与网络相关的或特定于实例的错误。未找到或无法访问服务器。请验证实例名称是否正确并且 SQL Server 已配置为允许远程连接。 (provider: Named Pipes Provider, error: 40 - 无法打开到 SQL Server 的连接)
   在 DTcms.DBUtility.DbHelperSQL.GetSingle(String SQLString, SqlParameter[] cmdParms) 位置 f:\ltf\DTcms\DTcms.DBUtility\DbHelperSQL.cs:行号 885
   在 DTcms.DAL.manager.GetModel(String user_name, String user_pwd) 位置 f:\ltf\DTcms\DTcms.DAL\manager.cs:行号 252
   在 DTcms.Web.admin.login.btnSubmit_Click(Object sender, EventArgs e) 位置 f:\ltf\DTcms\DTcms.Web\admin\login.aspx.cs:行号 52
   在 System.Web.UI.WebControls.Button.OnClick(EventArgs e)
   在 System.Web.UI.WebControls.Button.RaisePostBackEvent(String eventArgument)
   在 System.Web.UI.Page.ProcessRequestMain(Boolean includeStagesBeforeAsyncPoint, Boolean includeStagesAfterAsyncPoint)


eshop(IP:127.0.0.1)	2016/6/24 14:44:20	关键字 'end' 附近有语法错误。
   在 DTcms.DBUtility.DbHelperSQL.ExecuteSql(String SQLString) 位置 f:\ltf\DTcms\DTcms.DBUtility\DbHelperSQL.cs:行号 155
   在 DTcms.DAL.article.UpdateList(String IDlist) 位置 f:\ltf\DTcms\DTcms.DAL\article_goods.cs:行号 49
   在 DTcms.Web.Global.Session_Start(Object sender, EventArgs e) 位置 f:\ltf\DTcms\DTcms.Web\Global.asax.cs:行号 121
   在 System.Web.SessionState.SessionStateModule.CompleteAcquireState()
   在 System.Web.SessionState.SessionStateModule.BeginAcquireState(Object source, EventArgs e, AsyncCallback cb, Object extraData)
   在 System.Web.HttpApplication.AsyncEventExecutionStep.System.Web.HttpApplication.IExecutionStep.Execute()
   在 System.Web.HttpApplication.ExecuteStep(IExecutionStep step, Boolean& completedSynchronously)


eshop(IP:127.0.0.1)	2016/6/24 14:48:26	关键字 'end' 附近有语法错误。
   在 DTcms.DBUtility.DbHelperSQL.ExecuteSql(String SQLString) 位置 f:\ltf\DTcms\DTcms.DBUtility\DbHelperSQL.cs:行号 155
   在 DTcms.DAL.article.UpdateList(String IDlist) 位置 f:\ltf\DTcms\DTcms.DAL\article_goods.cs:行号 48
   在 DTcms.BLL.article.UpdateList(String IDlist) 位置 f:\ltf\DTcms\DTcms.BLL\article.cs:行号 52
   在 DTcms.Web.Global.Session_Start(Object sender, EventArgs e) 位置 f:\ltf\DTcms\DTcms.Web\Global.asax.cs:行号 117
   在 System.Web.SessionState.SessionStateModule.CompleteAcquireState()
   在 System.Web.SessionState.SessionStateModule.BeginAcquireState(Object source, EventArgs e, AsyncCallback cb, Object extraData)
   在 System.Web.HttpApplication.AsyncEventExecutionStep.System.Web.HttpApplication.IExecutionStep.Execute()
   在 System.Web.HttpApplication.ExecuteStep(IExecutionStep step, Boolean& completedSynchronously)


eshop(IP:127.0.0.1)	2016/6/24 14:54:49	关键字 'end' 附近有语法错误。
   在 DTcms.DBUtility.DbHelperSQL.ExecuteSql(String SQLString) 位置 f:\ltf\DTcms\DTcms.DBUtility\DbHelperSQL.cs:行号 155
   在 DTcms.DAL.article.UpdateList(String IDlist) 位置 f:\ltf\DTcms\DTcms.DAL\article_goods.cs:行号 48
   在 DTcms.BLL.article.UpdateList(String IDlist) 位置 f:\ltf\DTcms\DTcms.BLL\article.cs:行号 52
   在 DTcms.Web.Global.Session_Start(Object sender, EventArgs e) 位置 f:\ltf\DTcms\DTcms.Web\Global.asax.cs:行号 117
   在 System.Web.SessionState.SessionStateModule.CompleteAcquireState()
   在 System.Web.SessionState.SessionStateModule.BeginAcquireState(Object source, EventArgs e, AsyncCallback cb, Object extraData)
   在 System.Web.HttpApplication.AsyncEventExecutionStep.System.Web.HttpApplication.IExecutionStep.Execute()
   在 System.Web.HttpApplication.ExecuteStep(IExecutionStep step, Boolean& completedSynchronously)


eshop(IP:127.0.0.1)	2016/6/24 14:56:53	关键字 'end' 附近有语法错误。
   在 DTcms.DBUtility.DbHelperSQL.ExecuteSql(String SQLString) 位置 f:\ltf\DTcms\DTcms.DBUtility\DbHelperSQL.cs:行号 155
   在 DTcms.DAL.article.UpdateList(String IDlist) 位置 f:\ltf\DTcms\DTcms.DAL\article_goods.cs:行号 48
   在 DTcms.BLL.article.UpdateList(String IDlist) 位置 f:\ltf\DTcms\DTcms.BLL\article.cs:行号 52
   在 DTcms.Web.Global.Session_Start(Object sender, EventArgs e) 位置 f:\ltf\DTcms\DTcms.Web\Global.asax.cs:行号 117
   在 System.Web.SessionState.SessionStateModule.CompleteAcquireState()
   在 System.Web.SessionState.SessionStateModule.BeginAcquireState(Object source, EventArgs e, AsyncCallback cb, Object extraData)
   在 System.Web.HttpApplication.AsyncEventExecutionStep.System.Web.HttpApplication.IExecutionStep.Execute()
   在 System.Web.HttpApplication.ExecuteStep(IExecutionStep step, Boolean& completedSynchronously)


eshop(IP:127.0.0.1)	2016/6/24 15:00:47	关键字 'end' 附近有语法错误。
   在 DTcms.DBUtility.DbHelperSQL.ExecuteSql(String SQLString) 位置 f:\ltf\DTcms\DTcms.DBUtility\DbHelperSQL.cs:行号 155
   在 DTcms.DAL.article.UpdateList(String IDlist) 位置 f:\ltf\DTcms\DTcms.DAL\article_goods.cs:行号 48
   在 DTcms.BLL.article.UpdateList(String IDlist) 位置 f:\ltf\DTcms\DTcms.BLL\article.cs:行号 52
   在 DTcms.Web.Global.Session_Start(Object sender, EventArgs e) 位置 f:\ltf\DTcms\DTcms.Web\Global.asax.cs:行号 117
   在 System.Web.SessionState.SessionStateModule.CompleteAcquireState()
   在 System.Web.SessionState.SessionStateModule.BeginAcquireState(Object source, EventArgs e, AsyncCallback cb, Object extraData)
   在 System.Web.HttpApplication.AsyncEventExecutionStep.System.Web.HttpApplication.IExecutionStep.Execute()
   在 System.Web.HttpApplication.ExecuteStep(IExecutionStep step, Boolean& completedSynchronously)


eshop(IP:127.0.0.1)	2016/6/24 15:45:16	关键字 'end' 附近有语法错误。
   在 DTcms.DBUtility.DbHelperSQL.ExecuteSql(String SQLString) 位置 f:\ltf\DTcms\DTcms.DBUtility\DbHelperSQL.cs:行号 155
   在 DTcms.DAL.article.UpdateList(String IDlist) 位置 f:\ltf\DTcms\DTcms.DAL\article_goods.cs:行号 48
   在 DTcms.BLL.article.UpdateList(String IDlist) 位置 f:\ltf\DTcms\DTcms.BLL\article.cs:行号 52
   在 DTcms.Web.Global.Session_Start(Object sender, EventArgs e) 位置 f:\ltf\DTcms\DTcms.Web\Global.asax.cs:行号 117
   在 System.Web.SessionState.SessionStateModule.CompleteAcquireState()
   在 System.Web.SessionState.SessionStateModule.BeginAcquireState(Object source, EventArgs e, AsyncCallback cb, Object extraData)
   在 System.Web.HttpApplication.AsyncEventExecutionStep.System.Web.HttpApplication.IExecutionStep.Execute()
   在 System.Web.HttpApplication.ExecuteStep(IExecutionStep step, Boolean& completedSynchronously)


eshop(IP:127.0.0.1)	2016/6/24 16:04:00	关键字 'end' 附近有语法错误。
   在 DTcms.DBUtility.DbHelperSQL.ExecuteSql(String SQLString) 位置 f:\ltf\DTcms\DTcms.DBUtility\DbHelperSQL.cs:行号 155
   在 DTcms.DAL.article.UpdateList(String IDlist) 位置 f:\ltf\DTcms\DTcms.DAL\article_goods.cs:行号 48
   在 DTcms.BLL.article.UpdateList(String IDlist) 位置 f:\ltf\DTcms\DTcms.BLL\article.cs:行号 52
   在 DTcms.Web.Global.Session_Start(Object sender, EventArgs e) 位置 f:\ltf\DTcms\DTcms.Web\Global.asax.cs:行号 117
   在 System.Web.SessionState.SessionStateModule.CompleteAcquireState()
   在 System.Web.SessionState.SessionStateModule.BeginAcquireState(Object source, EventArgs e, AsyncCallback cb, Object extraData)
   在 System.Web.HttpApplication.AsyncEventExecutionStep.System.Web.HttpApplication.IExecutionStep.Execute()
   在 System.Web.HttpApplication.ExecuteStep(IExecutionStep step, Boolean& completedSynchronously)


eshop(IP:127.0.0.1)	2016/6/24 16:27:36	关键字 'end' 附近有语法错误。
   在 DTcms.DBUtility.DbHelperSQL.ExecuteSql(String SQLString) 位置 f:\ltf\DTcms\DTcms.DBUtility\DbHelperSQL.cs:行号 155
   在 DTcms.DAL.article.UpdateList(String IDlist) 位置 f:\ltf\DTcms\DTcms.DAL\article_goods.cs:行号 48
   在 DTcms.BLL.article.UpdateList(String IDlist) 位置 f:\ltf\DTcms\DTcms.BLL\article.cs:行号 52
   在 DTcms.Web.Global.Session_Start(Object sender, EventArgs e) 位置 f:\ltf\DTcms\DTcms.Web\Global.asax.cs:行号 117
   在 System.Web.SessionState.SessionStateModule.CompleteAcquireState()
   在 System.Web.SessionState.SessionStateModule.BeginAcquireState(Object source, EventArgs e, AsyncCallback cb, Object extraData)
   在 System.Web.HttpApplication.AsyncEventExecutionStep.System.Web.HttpApplication.IExecutionStep.Execute()
   在 System.Web.HttpApplication.ExecuteStep(IExecutionStep step, Boolean& completedSynchronously)


eshop(IP:127.0.0.1)	2016/6/24 16:31:15	关键字 'end' 附近有语法错误。
   在 DTcms.DBUtility.DbHelperSQL.ExecuteSql(String SQLString) 位置 f:\ltf\DTcms\DTcms.DBUtility\DbHelperSQL.cs:行号 155
   在 DTcms.DAL.article.UpdateList(String IDlist) 位置 f:\ltf\DTcms\DTcms.DAL\article_goods.cs:行号 48
   在 DTcms.BLL.article.UpdateList(String IDlist) 位置 f:\ltf\DTcms\DTcms.BLL\article.cs:行号 52
   在 DTcms.Web.Global.Session_Start(Object sender, EventArgs e) 位置 f:\ltf\DTcms\DTcms.Web\Global.asax.cs:行号 117
   在 System.Web.SessionState.SessionStateModule.CompleteAcquireState()
   在 System.Web.SessionState.SessionStateModule.BeginAcquireState(Object source, EventArgs e, AsyncCallback cb, Object extraData)
   在 System.Web.HttpApplication.AsyncEventExecutionStep.System.Web.HttpApplication.IExecutionStep.Execute()
   在 System.Web.HttpApplication.ExecuteStep(IExecutionStep step, Boolean& completedSynchronously)


eshop(IP:127.0.0.1)	2016/6/24 17:39:18	关键字 'end' 附近有语法错误。
   在 DTcms.DBUtility.DbHelperSQL.ExecuteSql(String SQLString) 位置 f:\ltf\DTcms\DTcms.DBUtility\DbHelperSQL.cs:行号 155
   在 DTcms.DAL.article.UpdateList(String IDlist) 位置 f:\ltf\DTcms\DTcms.DAL\article_goods.cs:行号 48
   在 DTcms.BLL.article.UpdateList(String IDlist) 位置 f:\ltf\DTcms\DTcms.BLL\article.cs:行号 52
   在 DTcms.Web.Global.Session_Start(Object sender, EventArgs e) 位置 f:\ltf\DTcms\DTcms.Web\Global.asax.cs:行号 117
   在 System.Web.SessionState.SessionStateModule.CompleteAcquireState()
   在 System.Web.SessionState.SessionStateModule.BeginAcquireState(Object source, EventArgs e, AsyncCallback cb, Object extraData)
   在 System.Web.HttpApplication.AsyncEventExecutionStep.System.Web.HttpApplication.IExecutionStep.Execute()
   在 System.Web.HttpApplication.ExecuteStep(IExecutionStep step, Boolean& completedSynchronously)


eshop(IP:127.0.0.1)	2016/6/24 17:44:17	关键字 'end' 附近有语法错误。
   在 DTcms.DBUtility.DbHelperSQL.ExecuteSql(String SQLString) 位置 f:\ltf\DTcms\DTcms.DBUtility\DbHelperSQL.cs:行号 155
   在 DTcms.DAL.article.UpdateList(String IDlist) 位置 f:\ltf\DTcms\DTcms.DAL\article_goods.cs:行号 48
   在 DTcms.BLL.article.UpdateList(String IDlist) 位置 f:\ltf\DTcms\DTcms.BLL\article.cs:行号 52
   在 DTcms.Web.Global.Session_Start(Object sender, EventArgs e) 位置 f:\ltf\DTcms\DTcms.Web\Global.asax.cs:行号 117
   在 System.Web.SessionState.SessionStateModule.CompleteAcquireState()
   在 System.Web.SessionState.SessionStateModule.BeginAcquireState(Object source, EventArgs e, AsyncCallback cb, Object extraData)
   在 System.Web.HttpApplication.AsyncEventExecutionStep.System.Web.HttpApplication.IExecutionStep.Execute()
   在 System.Web.HttpApplication.ExecuteStep(IExecutionStep step, Boolean& completedSynchronously)


事务失败。 服务器响应为:DT:SPM 163 smtp7,C8CowAC3Yw0KAW1XM_llAw--.34072S2 1466761484,please see http://mail.163.com/help/help_spam_16.htm?ip=220.169.154.117&hostid=smtp7&time=1466761484
   在 System.Net.Mail.DataStopCommand.CheckResponse(SmtpStatusCode statusCode, String serverResponse)
   在 System.Net.Mail.DataStopCommand.Send(SmtpConnection conn)
   在 System.Net.ClosableStream.Close()
   在 System.Net.Mail.SmtpClient.Send(MailMessage message)
   在 DTcms.Common.DTMail.sendMail(String smtpserver, Int32 emailport, String userName, String pwd, String nickName, String strfrom, String strto, String subj, String bodys) 位置 f:\ltf\DTcms\DTcms.Common\DTMail.cs:行号 49
