

(IP:127.0.0.1)	2016/4/17 11:35:42	System.Web.HttpException (0x80004005): DataBinding:“DTcms.Model.cart_items”不包含名为“GoodsId”的属性。
   在 System.Web.UI.DataBinder.GetPropertyValue(Object container, String propName)
   在 System.Web.UI.DataBinder.Eval(Object container, String[] expressionParts)
   在 ASP.usercart_aspx.__DataBinding__control7(Object sender, EventArgs e) 位置 f:\ltf\DTcms\DTcms.Web\usercart.aspx:行号 100
   在 System.Web.UI.Control.OnDataBinding(EventArgs e)
   在 System.Web.UI.Control.DataBind(Boolean raiseOnDataBinding)
   在 System.Web.UI.Control.DataBindChildren()
   在 System.Web.UI.Control.DataBind(Boolean raiseOnDataBinding)
   在 System.Web.UI.WebControls.Repeater.CreateItem(Int32 itemIndex, ListItemType itemType, Boolean dataBind, Object dataItem)
   在 System.Web.UI.WebControls.Repeater.AddDataItemsIntoItemsArray(IEnumerable dataSource, Boolean useDataSource)
   在 System.Web.UI.WebControls.Repeater.PostGetDataAction(IEnumerable dataSource)
   在 System.Web.UI.WebControls.Repeater.OnDataBinding(EventArgs e)
   在 DTcms.Web.usercart.Show_Car() 位置 f:\ltf\DTcms\DTcms.Web\usercart.aspx.cs:行号 135
   在 System.Web.UI.DataBinder.GetPropertyValue(Object container, String propName)
   在 System.Web.UI.DataBinder.Eval(Object container, String[] expressionParts)
   在 ASP.usercart_aspx.__DataBinding__control7(Object sender, EventArgs e) 位置 f:\ltf\DTcms\DTcms.Web\usercart.aspx:行号 100
   在 System.Web.UI.Control.OnDataBinding(EventArgs e)
   在 System.Web.UI.Control.DataBind(Boolean raiseOnDataBinding)
   在 System.Web.UI.Control.DataBindChildren()
   在 System.Web.UI.Control.DataBind(Boolean raiseOnDataBinding)
   在 System.Web.UI.WebControls.Repeater.CreateItem(Int32 itemIndex, ListItemType itemType, Boolean dataBind, Object dataItem)
   在 System.Web.UI.WebControls.Repeater.AddDataItemsIntoItemsArray(IEnumerable dataSource, Boolean useDataSource)
   在 System.Web.UI.WebControls.Repeater.PostGetDataAction(IEnumerable dataSource)
   在 System.Web.UI.WebControls.Repeater.OnDataBinding(EventArgs e)
   在 DTcms.Web.usercart.Show_Car() 位置 f:\ltf\DTcms\DTcms.Web\usercart.aspx.cs:行号 135


(IP:127.0.0.1)	2016/4/17 11:35:57	System.Web.HttpException (0x80004005): DataBinding:“DTcms.Model.cart_items”不包含名为“GoodsId”的属性。
   在 System.Web.UI.DataBinder.GetPropertyValue(Object container, String propName)
   在 System.Web.UI.DataBinder.Eval(Object container, String[] expressionParts)
   在 ASP.usercart_aspx.__DataBinding__control7(Object sender, EventArgs e) 位置 f:\ltf\DTcms\DTcms.Web\usercart.aspx:行号 100
   在 System.Web.UI.Control.OnDataBinding(EventArgs e)
   在 System.Web.UI.Control.DataBind(Boolean raiseOnDataBinding)
   在 System.Web.UI.Control.DataBindChildren()
   在 System.Web.UI.Control.DataBind(Boolean raiseOnDataBinding)
   在 System.Web.UI.WebControls.Repeater.CreateItem(Int32 itemIndex, ListItemType itemType, Boolean dataBind, Object dataItem)
   在 System.Web.UI.WebControls.Repeater.AddDataItemsIntoItemsArray(IEnumerable dataSource, Boolean useDataSource)
   在 System.Web.UI.WebControls.Repeater.PostGetDataAction(IEnumerable dataSource)
   在 System.Web.UI.WebControls.Repeater.OnDataBinding(EventArgs e)
   在 DTcms.Web.usercart.Show_Car() 位置 f:\ltf\DTcms\DTcms.Web\usercart.aspx.cs:行号 135
   在 System.Web.UI.DataBinder.GetPropertyValue(Object container, String propName)
   在 System.Web.UI.DataBinder.Eval(Object container, String[] expressionParts)
   在 ASP.usercart_aspx.__DataBinding__control7(Object sender, EventArgs e) 位置 f:\ltf\DTcms\DTcms.Web\usercart.aspx:行号 100
   在 System.Web.UI.Control.OnDataBinding(EventArgs e)
   在 System.Web.UI.Control.DataBind(Boolean raiseOnDataBinding)
   在 System.Web.UI.Control.DataBindChildren()
   在 System.Web.UI.Control.DataBind(Boolean raiseOnDataBinding)
   在 System.Web.UI.WebControls.Repeater.CreateItem(Int32 itemIndex, ListItemType itemType, Boolean dataBind, Object dataItem)
   在 System.Web.UI.WebControls.Repeater.AddDataItemsIntoItemsArray(IEnumerable dataSource, Boolean useDataSource)
   在 System.Web.UI.WebControls.Repeater.PostGetDataAction(IEnumerable dataSource)
   在 System.Web.UI.WebControls.Repeater.OnDataBinding(EventArgs e)
   在 DTcms.Web.usercart.Show_Car() 位置 f:\ltf\DTcms\DTcms.Web\usercart.aspx.cs:行号 135


(IP:127.0.0.1)	2016/4/17 11:36:04	System.Web.HttpException (0x80004005): DataBinding:“DTcms.Model.cart_items”不包含名为“GoodsId”的属性。
   在 System.Web.UI.DataBinder.GetPropertyValue(Object container, String propName)
   在 System.Web.UI.DataBinder.Eval(Object container, String[] expressionParts)
   在 ASP.usercart_aspx.__DataBinding__control7(Object sender, EventArgs e) 位置 f:\ltf\DTcms\DTcms.Web\usercart.aspx:行号 100
   在 System.Web.UI.Control.OnDataBinding(EventArgs e)
   在 System.Web.UI.Control.DataBind(Boolean raiseOnDataBinding)
   在 System.Web.UI.Control.DataBindChildren()
   在 System.Web.UI.Control.DataBind(Boolean raiseOnDataBinding)
   在 System.Web.UI.WebControls.Repeater.CreateItem(Int32 itemIndex, ListItemType itemType, Boolean dataBind, Object dataItem)
   在 System.Web.UI.WebControls.Repeater.AddDataItemsIntoItemsArray(IEnumerable dataSource, Boolean useDataSource)
   在 System.Web.UI.WebControls.Repeater.PostGetDataAction(IEnumerable dataSource)
   在 System.Web.UI.WebControls.Repeater.OnDataBinding(EventArgs e)
   在 DTcms.Web.usercart.Show_Car() 位置 f:\ltf\DTcms\DTcms.Web\usercart.aspx.cs:行号 135
   在 System.Web.UI.DataBinder.GetPropertyValue(Object container, String propName)
   在 System.Web.UI.DataBinder.Eval(Object container, String[] expressionParts)
   在 ASP.usercart_aspx.__DataBinding__control7(Object sender, EventArgs e) 位置 f:\ltf\DTcms\DTcms.Web\usercart.aspx:行号 100
   在 System.Web.UI.Control.OnDataBinding(EventArgs e)
   在 System.Web.UI.Control.DataBind(Boolean raiseOnDataBinding)
   在 System.Web.UI.Control.DataBindChildren()
   在 System.Web.UI.Control.DataBind(Boolean raiseOnDataBinding)
   在 System.Web.UI.WebControls.Repeater.CreateItem(Int32 itemIndex, ListItemType itemType, Boolean dataBind, Object dataItem)
   在 System.Web.UI.WebControls.Repeater.AddDataItemsIntoItemsArray(IEnumerable dataSource, Boolean useDataSource)
   在 System.Web.UI.WebControls.Repeater.PostGetDataAction(IEnumerable dataSource)
   在 System.Web.UI.WebControls.Repeater.OnDataBinding(EventArgs e)
   在 DTcms.Web.usercart.Show_Car() 位置 f:\ltf\DTcms\DTcms.Web\usercart.aspx.cs:行号 135


(IP:127.0.0.1)	2016/4/17 11:59:26	System.Web.HttpException (0x80004005): DataBinding:“DTcms.Model.cart_items”不包含名为“GoodsId”的属性。
   在 System.Web.UI.DataBinder.GetPropertyValue(Object container, String propName)
   在 System.Web.UI.DataBinder.Eval(Object container, String[] expressionParts)
   在 ASP.usercart_aspx.__DataBinding__control7(Object sender, EventArgs e) 位置 f:\ltf\DTcms\DTcms.Web\usercart.aspx:行号 100
   在 System.Web.UI.Control.OnDataBinding(EventArgs e)
   在 System.Web.UI.Control.DataBind(Boolean raiseOnDataBinding)
   在 System.Web.UI.Control.DataBindChildren()
   在 System.Web.UI.Control.DataBind(Boolean raiseOnDataBinding)
   在 System.Web.UI.WebControls.Repeater.CreateItem(Int32 itemIndex, ListItemType itemType, Boolean dataBind, Object dataItem)
   在 System.Web.UI.WebControls.Repeater.AddDataItemsIntoItemsArray(IEnumerable dataSource, Boolean useDataSource)
   在 System.Web.UI.WebControls.Repeater.PostGetDataAction(IEnumerable dataSource)
   在 System.Web.UI.WebControls.Repeater.OnDataBinding(EventArgs e)
   在 DTcms.Web.usercart.Show_Car() 位置 f:\ltf\DTcms\DTcms.Web\usercart.aspx.cs:行号 135
   在 System.Web.UI.DataBinder.GetPropertyValue(Object container, String propName)
   在 System.Web.UI.DataBinder.Eval(Object container, String[] expressionParts)
   在 ASP.usercart_aspx.__DataBinding__control7(Object sender, EventArgs e) 位置 f:\ltf\DTcms\DTcms.Web\usercart.aspx:行号 100
   在 System.Web.UI.Control.OnDataBinding(EventArgs e)
   在 System.Web.UI.Control.DataBind(Boolean raiseOnDataBinding)
   在 System.Web.UI.Control.DataBindChildren()
   在 System.Web.UI.Control.DataBind(Boolean raiseOnDataBinding)
   在 System.Web.UI.WebControls.Repeater.CreateItem(Int32 itemIndex, ListItemType itemType, Boolean dataBind, Object dataItem)
   在 System.Web.UI.WebControls.Repeater.AddDataItemsIntoItemsArray(IEnumerable dataSource, Boolean useDataSource)
   在 System.Web.UI.WebControls.Repeater.PostGetDataAction(IEnumerable dataSource)
   在 System.Web.UI.WebControls.Repeater.OnDataBinding(EventArgs e)
   在 DTcms.Web.usercart.Show_Car() 位置 f:\ltf\DTcms\DTcms.Web\usercart.aspx.cs:行号 135


(IP:127.0.0.1)	2016/4/17 12:01:21	System.Web.HttpException (0x80004005): DataBinding:“DTcms.Model.cart_items”不包含名为“GoodsId”的属性。
   在 System.Web.UI.DataBinder.GetPropertyValue(Object container, String propName)
   在 System.Web.UI.DataBinder.Eval(Object container, String[] expressionParts)
   在 ASP.usercart_aspx.__DataBinding__control7(Object sender, EventArgs e) 位置 f:\ltf\DTcms\DTcms.Web\usercart.aspx:行号 100
   在 System.Web.UI.Control.OnDataBinding(EventArgs e)
   在 System.Web.UI.Control.DataBind(Boolean raiseOnDataBinding)
   在 System.Web.UI.Control.DataBindChildren()
   在 System.Web.UI.Control.DataBind(Boolean raiseOnDataBinding)
   在 System.Web.UI.WebControls.Repeater.CreateItem(Int32 itemIndex, ListItemType itemType, Boolean dataBind, Object dataItem)
   在 System.Web.UI.WebControls.Repeater.AddDataItemsIntoItemsArray(IEnumerable dataSource, Boolean useDataSource)
   在 System.Web.UI.WebControls.Repeater.PostGetDataAction(IEnumerable dataSource)
   在 System.Web.UI.WebControls.Repeater.OnDataBinding(EventArgs e)
   在 DTcms.Web.usercart.Show_Car() 位置 f:\ltf\DTcms\DTcms.Web\usercart.aspx.cs:行号 135
   在 System.Web.UI.DataBinder.GetPropertyValue(Object container, String propName)
   在 System.Web.UI.DataBinder.Eval(Object container, String[] expressionParts)
   在 ASP.usercart_aspx.__DataBinding__control7(Object sender, EventArgs e) 位置 f:\ltf\DTcms\DTcms.Web\usercart.aspx:行号 100
   在 System.Web.UI.Control.OnDataBinding(EventArgs e)
   在 System.Web.UI.Control.DataBind(Boolean raiseOnDataBinding)
   在 System.Web.UI.Control.DataBindChildren()
   在 System.Web.UI.Control.DataBind(Boolean raiseOnDataBinding)
   在 System.Web.UI.WebControls.Repeater.CreateItem(Int32 itemIndex, ListItemType itemType, Boolean dataBind, Object dataItem)
   在 System.Web.UI.WebControls.Repeater.AddDataItemsIntoItemsArray(IEnumerable dataSource, Boolean useDataSource)
   在 System.Web.UI.WebControls.Repeater.PostGetDataAction(IEnumerable dataSource)
   在 System.Web.UI.WebControls.Repeater.OnDataBinding(EventArgs e)
   在 DTcms.Web.usercart.Show_Car() 位置 f:\ltf\DTcms\DTcms.Web\usercart.aspx.cs:行号 135


(IP:127.0.0.1)	2016/4/17 12:53:00	LitJson.JsonException: Max allowed object depth reached while trying to export from type System.Single
   在 LitJson.JsonMapper.WriteValue(Object obj, JsonWriter writer, Boolean writer_is_private, Int32 depth)
   在 LitJson.JsonMapper.WriteValue(Object obj, JsonWriter writer, Boolean writer_is_private, Int32 depth)
   在 LitJson.JsonMapper.WriteValue(Object obj, JsonWriter writer, Boolean writer_is_private, Int32 depth)
   在 LitJson.JsonMapper.WriteValue(Object obj, JsonWriter writer, Boolean writer_is_private, Int32 depth)
   在 LitJson.JsonMapper.WriteValue(Object obj, JsonWriter writer, Boolean writer_is_private, Int32 depth)
   在 LitJson.JsonMapper.WriteValue(Object obj, JsonWriter writer, Boolean writer_is_private, Int32 depth)
   在 LitJson.JsonMapper.WriteValue(Object obj, JsonWriter writer, Boolean writer_is_private, Int32 depth)
   在 LitJson.JsonMapper.WriteValue(Object obj, JsonWriter writer, Boolean writer_is_private, Int32 depth)
   在 LitJson.JsonMapper.WriteValue(Object obj, JsonWriter writer, Boolean writer_is_private, Int32 depth)
   在 LitJson.JsonMapper.WriteValue(Object obj, JsonWriter writer, Boolean writer_is_private, Int32 depth)
   在 LitJson.JsonMapper.WriteValue(Object obj, JsonWriter writer, Boolean writer_is_private, Int32 depth)
   在 LitJson.JsonMapper.WriteValue(Object obj, JsonWriter writer, Boolean writer_is_private, Int32 depth)
   在 LitJson.JsonMapper.WriteValue(Object obj, JsonWriter writer, Boolean writer_is_private, Int32 depth)
   在 LitJson.JsonMapper.WriteValue(Object obj, JsonWriter writer, Boolean writer_is_private, Int32 depth)
   在 LitJson.JsonMapper.WriteValue(Object obj, JsonWriter writer, Boolean writer_is_private, Int32 depth)
   在 LitJson.JsonMapper.WriteValue(Object obj, JsonWriter writer, Boolean writer_is_private, Int32 depth)
   在 LitJson.JsonMapper.WriteValue(Object obj, JsonWriter writer, Boolean writer_is_private, Int32 depth)
   在 LitJson.JsonMapper.WriteValue(Object obj, JsonWriter writer, Boolean writer_is_private, Int32 depth)
   在 LitJson.JsonMapper.WriteValue(Object obj, JsonWriter writer, Boolean writer_is_private, Int32 depth)
   在 LitJson.JsonMapper.WriteValue(Object obj, JsonWriter writer, Boolean writer_is_private, Int32 depth)
   在 LitJson.JsonMapper.WriteValue(Object obj, JsonWriter writer, Boolean writer_is_private, Int32 depth)
   在 LitJson.JsonMapper.WriteValue(Object obj, JsonWriter writer, Boolean writer_is_private, Int32 depth)
   在 LitJson.JsonMapper.WriteValue(Object obj, JsonWriter writer, Boolean writer_is_private, Int32 depth)
   在 LitJson.JsonMapper.WriteValue(Object obj, JsonWriter writer, Boolean writer_is_private, Int32 depth)
   在 LitJson.JsonMapper.WriteValue(Object obj, JsonWriter writer, Boolean writer_is_private, Int32 depth)
   在 LitJson.JsonMapper.WriteValue(Object obj, JsonWriter writer, Boolean writer_is_private, Int32 depth)
   在 LitJson.JsonMapper.WriteValue(Object obj, JsonWriter writer, Boolean writer_is_private, Int32 depth)
   在 LitJson.JsonMapper.WriteValue(Object obj, JsonWriter writer, Boolean writer_is_private, Int32 depth)
   在 LitJson.JsonMapper.WriteValue(Object obj, JsonWriter writer, Boolean writer_is_private, Int32 depth)
   在 LitJson.JsonMapper.WriteValue(Object obj, JsonWriter writer, Boolean writer_is_private, Int32 depth)
   在 LitJson.JsonMapper.WriteValue(Object obj, JsonWriter writer, Boolean writer_is_private, Int32 depth)
   在 LitJson.JsonMapper.WriteValue(Object obj, JsonWriter writer, Boolean writer_is_private, Int32 depth)
   在 LitJson.JsonMapper.WriteValue(Object obj, JsonWriter writer, Boolean writer_is_private, Int32 depth)
   在 LitJson.JsonMapper.WriteValue(Object obj, JsonWriter writer, Boolean writer_is_private, Int32 depth)
   在 LitJson.JsonMapper.WriteValue(Object obj, JsonWriter writer, Boolean writer_is_private, Int32 depth)
   在 LitJson.JsonMapper.WriteValue(Object obj, JsonWriter writer, Boolean writer_is_private, Int32 depth)
   在 LitJson.JsonMapper.WriteValue(Object obj, JsonWriter writer, Boolean writer_is_private, Int32 depth)
   在 LitJson.JsonMapper.WriteValue(Object obj, JsonWriter writer, Boolean writer_is_private, Int32 depth)
   在 LitJson.JsonMapper.WriteValue(Object obj, JsonWriter writer, Boolean writer_is_private, Int32 depth)
   在 LitJson.JsonMapper.WriteValue(Object obj, JsonWriter writer, Boolean writer_is_private, Int32 depth)
   在 LitJson.JsonMapper.WriteValue(Object obj, JsonWriter writer, Boolean writer_is_private, Int32 depth)
   在 LitJson.JsonMapper.WriteValue(Object obj, JsonWriter writer, Boolean writer_is_private, Int32 depth)
   在 LitJson.JsonMapper.WriteValue(Object obj, JsonWriter writer, Boolean writer_is_private, Int32 depth)
   在 LitJson.JsonMapper.WriteValue(Object obj, JsonWriter writer, Boolean writer_is_private, Int32 depth)
   在 LitJson.JsonMapper.WriteValue(Object obj, JsonWriter writer, Boolean writer_is_private, Int32 depth)
   在 LitJson.JsonMapper.WriteValue(Object obj, JsonWriter writer, Boolean writer_is_private, Int32 depth)
   在 LitJson.JsonMapper.WriteValue(Object obj, JsonWriter writer, Boolean writer_is_private, Int32 depth)
   在 LitJson.JsonMapper.WriteValue(Object obj, JsonWriter writer, Boolean writer_is_private, Int32 depth)
   在 LitJson.JsonMapper.WriteValue(Object obj, JsonWriter writer, Boolean writer_is_private, Int32 depth)
   在 LitJson.JsonMapper.WriteValue(Object obj, JsonWriter writer, Boolean writer_is_private, Int32 depth)
   在 LitJson.JsonMapper.WriteValue(Object obj, JsonWriter writer, Boolean writer_is_private, Int32 depth)
   在 LitJson.JsonMapper.WriteValue(Object obj, JsonWriter writer, Boolean writer_is_private, Int32 depth)
   在 LitJson.JsonMapper.WriteValue(Object obj, JsonWriter writer, Boolean writer_is_private, Int32 depth)
   在 LitJson.JsonMapper.WriteValue(Object obj, JsonWriter writer, Boolean writer_is_private, Int32 depth)
   在 LitJson.JsonMapper.WriteValue(Object obj, JsonWriter writer, Boolean writer_is_private, Int32 depth)
   在 LitJson.JsonMapper.WriteValue(Object obj, JsonWriter writer, Boolean writer_is_private, Int32 depth)
   在 LitJson.JsonMapper.WriteValue(Object obj, JsonWriter writer, Boolean writer_is_private, Int32 depth)
   在 LitJson.JsonMapper.WriteValue(Object obj, JsonWriter writer, Boolean writer_is_private, Int32 depth)
   在 LitJson.JsonMapper.WriteValue(Object obj, JsonWriter writer, Boolean writer_is_private, Int32 depth)
   在 LitJson.JsonMapper.WriteValue(Object obj, JsonWriter writer, Boolean writer_is_private, Int32 depth)
   在 LitJson.JsonMapper.WriteValue(Object obj, JsonWriter writer, Boolean writer_is_private, Int32 depth)
   在 LitJson.JsonMapper.WriteValue(Object obj, JsonWriter writer, Boolean writer_is_private, Int32 depth)
   在 LitJson.JsonMapper.WriteValue(Object obj, JsonWriter writer, Boolean writer_is_private, Int32 depth)
   在 LitJson.JsonMapper.WriteValue(Object obj, JsonWriter writer, Boolean writer_is_private, Int32 depth)
   在 LitJson.JsonMapper.WriteValue(Object obj, JsonWriter writer, Boolean writer_is_private, Int32 depth)
   在 LitJson.JsonMapper.WriteValue(Object obj, JsonWriter writer, Boolean writer_is_private, Int32 depth)
   在 LitJson.JsonMapper.WriteValue(Object obj, JsonWriter writer, Boolean writer_is_private, Int32 depth)
   在 LitJson.JsonMapper.WriteValue(Object obj, JsonWriter writer, Boolean writer_is_private, Int32 depth)
   在 LitJson.JsonMapper.WriteValue(Object obj, JsonWriter writer, Boolean writer_is_private, Int32 depth)
   在 LitJson.JsonMapper.WriteValue(Object obj, JsonWriter writer, Boolean writer_is_private, Int32 depth)
   在 LitJson.JsonMapper.WriteValue(Object obj, JsonWriter writer, Boolean writer_is_private, Int32 depth)
   在 LitJson.JsonMapper.WriteValue(Object obj, JsonWriter writer, Boolean writer_is_private, Int32 depth)
   在 LitJson.JsonMapper.WriteValue(Object obj, JsonWriter writer, Boolean writer_is_private, Int32 depth)
   在 LitJson.JsonMapper.WriteValue(Object obj, JsonWriter writer, Boolean writer_is_private, Int32 depth)
   在 LitJson.JsonMapper.WriteValue(Object obj, JsonWriter writer, Boolean writer_is_private, Int32 depth)
   在 LitJson.JsonMapper.WriteValue(Object obj, JsonWriter writer, Boolean writer_is_private, Int32 depth)
   在 LitJson.JsonMapper.WriteValue(Object obj, JsonWriter writer, Boolean writer_is_private, Int32 depth)
   在 LitJson.JsonMapper.WriteValue(Object obj, JsonWriter writer, Boolean writer_is_private, Int32 depth)
   在 LitJson.JsonMapper.WriteValue(Object obj, JsonWriter writer, Boolean writer_is_private, Int32 depth)
   在 LitJson.JsonMapper.WriteValue(Object obj, JsonWriter writer, Boolean writer_is_private, Int32 depth)
   在 LitJson.JsonMapper.WriteValue(Object obj, JsonWriter writer, Boolean writer_is_private, Int32 depth)
   在 LitJson.JsonMapper.WriteValue(Object obj, JsonWriter writer, Boolean writer_is_private, Int32 depth)
   在 LitJson.JsonMapper.WriteValue(Object obj, JsonWriter writer, Boolean writer_is_private, Int32 depth)
   在 LitJson.JsonMapper.WriteValue(Object obj, JsonWriter writer, Boolean writer_is_private, Int32 depth)
   在 LitJson.JsonMapper.WriteValue(Object obj, JsonWriter writer, Boolean writer_is_private, Int32 depth)
   在 LitJson.JsonMapper.WriteValue(Object obj, JsonWriter writer, Boolean writer_is_private, Int32 depth)
   在 LitJson.JsonMapper.WriteValue(Object obj, JsonWriter writer, Boolean writer_is_private, Int32 depth)
   在 LitJson.JsonMapper.WriteValue(Object obj, JsonWriter writer, Boolean writer_is_private, Int32 depth)
   在 LitJson.JsonMapper.WriteValue(Object obj, JsonWriter writer, Boolean writer_is_private, Int32 depth)
   在 LitJson.JsonMapper.WriteValue(Object obj, JsonWriter writer, Boolean writer_is_private, Int32 depth)
   在 LitJson.JsonMapper.WriteValue(Object obj, JsonWriter writer, Boolean writer_is_private, Int32 depth)
   在 LitJson.JsonMapper.WriteValue(Object obj, JsonWriter writer, Boolean writer_is_private, Int32 depth)
   在 LitJson.JsonMapper.WriteValue(Object obj, JsonWriter writer, Boolean writer_is_private, Int32 depth)
   在 LitJson.JsonMapper.WriteValue(Object obj, JsonWriter writer, Boolean writer_is_private, Int32 depth)
   在 LitJson.JsonMapper.WriteValue(Object obj, JsonWriter writer, Boolean writer_is_private, Int32 depth)
   在 LitJson.JsonMapper.WriteValue(Object obj, JsonWriter writer, Boolean writer_is_private, Int32 depth)
   在 LitJson.JsonMapper.WriteValue(Object obj, JsonWriter writer, Boolean writer_is_private, Int32 depth)
   在 LitJson.JsonMapper.WriteValue(Object obj, JsonWriter writer, Boolean writer_is_private, Int32 depth)
   在 LitJson.JsonMapper.WriteValue(Object obj, JsonWriter writer, Boolean writer_is_private, Int32 depth)
   在 LitJson.JsonMapper.WriteValue(Object obj, JsonWriter writer, Boolean writer_is_private, Int32 depth)
   在 LitJson.JsonMapper.WriteValue(Object obj, JsonWriter writer, Boolean writer_is_private, Int32 depth)
   在 LitJson.JsonMapper.WriteValue(Object obj, JsonWriter writer, Boolean writer_is_private, Int32 depth)
   在 LitJson.JsonMapper.ToJson(Object obj)
   在 DTcms.Web.WebForm4.AddCat(String GoUrl) 位置 f:\ltf\DTcms\DTcms.Web\producJPview.aspx.cs:行号 277
   在 DTcms.Web.WebForm4.btnAddcart_Click(Object sender, ImageClickEventArgs e) 位置 f:\ltf\DTcms\DTcms.Web\producJPview.aspx.cs:行号 84
   在 LitJson.JsonMapper.WriteValue(Object obj, JsonWriter writer, Boolean writer_is_private, Int32 depth)
   在 LitJson.JsonMapper.WriteValue(Object obj, JsonWriter writer, Boolean writer_is_private, Int32 depth)
   在 LitJson.JsonMapper.WriteValue(Object obj, JsonWriter writer, Boolean writer_is_private, Int32 depth)
   在 LitJson.JsonMapper.WriteValue(Object obj, JsonWriter writer, Boolean writer_is_private, Int32 depth)
   在 LitJson.JsonMapper.WriteValue(Object obj, JsonWriter writer, Boolean writer_is_private, Int32 depth)
   在 LitJson.JsonMapper.WriteValue(Object obj, JsonWriter writer, Boolean writer_is_private, Int32 depth)
   在 LitJson.JsonMapper.WriteValue(Object obj, JsonWriter writer, Boolean writer_is_private, Int32 depth)
   在 LitJson.JsonMapper.WriteValue(Object obj, JsonWriter writer, Boolean writer_is_private, Int32 depth)
   在 LitJson.JsonMapper.WriteValue(Object obj, JsonWriter writer, Boolean writer_is_private, Int32 depth)
   在 LitJson.JsonMapper.WriteValue(Object obj, JsonWriter writer, Boolean writer_is_private, Int32 depth)
   在 LitJson.JsonMapper.WriteValue(Object obj, JsonWriter writer, Boolean writer_is_private, Int32 depth)
   在 LitJson.JsonMapper.WriteValue(Object obj, JsonWriter writer, Boolean writer_is_private, Int32 depth)
   在 LitJson.JsonMapper.WriteValue(Object obj, JsonWriter writer, Boolean writer_is_private, Int32 depth)
   在 LitJson.JsonMapper.WriteValue(Object obj, JsonWriter writer, Boolean writer_is_private, Int32 depth)
   在 LitJson.JsonMapper.WriteValue(Object obj, JsonWriter writer, Boolean writer_is_private, Int32 depth)
   在 LitJson.JsonMapper.WriteValue(Object obj, JsonWriter writer, Boolean writer_is_private, Int32 depth)
   在 LitJson.JsonMapper.WriteValue(Object obj, JsonWriter writer, Boolean writer_is_private, Int32 depth)
   在 LitJson.JsonMapper.WriteValue(Object obj, JsonWriter writer, Boolean writer_is_private, Int32 depth)
   在 LitJson.JsonMapper.WriteValue(Object obj, JsonWriter writer, Boolean writer_is_private, Int32 depth)
   在 LitJson.JsonMapper.WriteValue(Object obj, JsonWriter writer, Boolean writer_is_private, Int32 depth)
   在 LitJson.JsonMapper.WriteValue(Object obj, JsonWriter writer, Boolean writer_is_private, Int32 depth)
   在 LitJson.JsonMapper.WriteValue(Object obj, JsonWriter writer, Boolean writer_is_private, Int32 depth)
   在 LitJson.JsonMapper.WriteValue(Object obj, JsonWriter writer, Boolean writer_is_private, Int32 depth)
   在 LitJson.JsonMapper.WriteValue(Object obj, JsonWriter writer, Boolean writer_is_private, Int32 depth)
   在 LitJson.JsonMapper.WriteValue(Object obj, JsonWriter writer, Boolean writer_is_private, Int32 depth)
   在 LitJson.JsonMapper.WriteValue(Object obj, JsonWriter writer, Boolean writer_is_private, Int32 depth)
   在 LitJson.JsonMapper.WriteValue(Object obj, JsonWriter writer, Boolean writer_is_private, Int32 depth)
   在 LitJson.JsonMapper.WriteValue(Object obj, JsonWriter writer, Boolean writer_is_private, Int32 depth)
   在 LitJson.JsonMapper.WriteValue(Object obj, JsonWriter writer, Boolean writer_is_private, Int32 depth)
   在 LitJson.JsonMapper.WriteValue(Object obj, JsonWriter writer, Boolean writer_is_private, Int32 depth)
   在 LitJson.JsonMapper.WriteValue(Object obj, JsonWriter writer, Boolean writer_is_private, Int32 depth)
   在 LitJson.JsonMapper.WriteValue(Object obj, JsonWriter writer, Boolean writer_is_private, Int32 depth)
   在 LitJson.JsonMapper.WriteValue(Object obj, JsonWriter writer, Boolean writer_is_private, Int32 depth)
   在 LitJson.JsonMapper.WriteValue(Object obj, JsonWriter writer, Boolean writer_is_private, Int32 depth)
   在 LitJson.JsonMapper.WriteValue(Object obj, JsonWriter writer, Boolean writer_is_private, Int32 depth)
   在 LitJson.JsonMapper.WriteValue(Object obj, JsonWriter writer, Boolean writer_is_private, Int32 depth)
   在 LitJson.JsonMapper.WriteValue(Object obj, JsonWriter writer, Boolean writer_is_private, Int32 depth)
   在 LitJson.JsonMapper.WriteValue(Object obj, JsonWriter writer, Boolean writer_is_private, Int32 depth)
   在 LitJson.JsonMapper.WriteValue(Object obj, JsonWriter writer, Boolean writer_is_private, Int32 depth)
   在 LitJson.JsonMapper.WriteValue(Object obj, JsonWriter writer, Boolean writer_is_private, Int32 depth)
   在 LitJson.JsonMapper.WriteValue(Object obj, JsonWriter writer, Boolean writer_is_private, Int32 depth)
   在 LitJson.JsonMapper.WriteValue(Object obj, JsonWriter writer, Boolean writer_is_private, Int32 depth)
   在 LitJson.JsonMapper.WriteValue(Object obj, JsonWriter writer, Boolean writer_is_private, Int32 depth)
   在 LitJson.JsonMapper.WriteValue(Object obj, JsonWriter writer, Boolean writer_is_private, Int32 depth)
   在 LitJson.JsonMapper.WriteValue(Object obj, JsonWriter writer, Boolean writer_is_private, Int32 depth)
   在 LitJson.JsonMapper.WriteValue(Object obj, JsonWriter writer, Boolean writer_is_private, Int32 depth)
   在 LitJson.JsonMapper.WriteValue(Object obj, JsonWriter writer, Boolean writer_is_private, Int32 depth)
   在 LitJson.JsonMapper.WriteValue(Object obj, JsonWriter writer, Boolean writer_is_private, Int32 depth)
   在 LitJson.JsonMapper.WriteValue(Object obj, JsonWriter writer, Boolean writer_is_private, Int32 depth)
   在 LitJson.JsonMapper.WriteValue(Object obj, JsonWriter writer, Boolean writer_is_private, Int32 depth)
   在 LitJson.JsonMapper.WriteValue(Object obj, JsonWriter writer, Boolean writer_is_private, Int32 depth)
   在 LitJson.JsonMapper.WriteValue(Object obj, JsonWriter writer, Boolean writer_is_private, Int32 depth)
   在 LitJson.JsonMapper.WriteValue(Object obj, JsonWriter writer, Boolean writer_is_private, Int32 depth)
   在 LitJson.JsonMapper.WriteValue(Object obj, JsonWriter writer, Boolean writer_is_private, Int32 depth)
   在 LitJson.JsonMapper.WriteValue(Object obj, JsonWriter writer, Boolean writer_is_private, Int32 depth)
   在 LitJson.JsonMapper.WriteValue(Object obj, JsonWriter writer, Boolean writer_is_private, Int32 depth)
   在 LitJson.JsonMapper.WriteValue(Object obj, JsonWriter writer, Boolean writer_is_private, Int32 depth)
   在 LitJson.JsonMapper.WriteValue(Object obj, JsonWriter writer, Boolean writer_is_private, Int32 depth)
   在 LitJson.JsonMapper.WriteValue(Object obj, JsonWriter writer, Boolean writer_is_private, Int32 depth)
   在 LitJson.JsonMapper.WriteValue(Object obj, JsonWriter writer, Boolean writer_is_private, Int32 depth)
   在 LitJson.JsonMapper.WriteValue(Object obj, JsonWriter writer, Boolean writer_is_private, Int32 depth)
   在 LitJson.JsonMapper.WriteValue(Object obj, JsonWriter writer, Boolean writer_is_private, Int32 depth)
   在 LitJson.JsonMapper.WriteValue(Object obj, JsonWriter writer, Boolean writer_is_private, Int32 depth)
   在 LitJson.JsonMapper.WriteValue(Object obj, JsonWriter writer, Boolean writer_is_private, Int32 depth)
   在 LitJson.JsonMapper.WriteValue(Object obj, JsonWriter writer, Boolean writer_is_private, Int32 depth)
   在 LitJson.JsonMapper.WriteValue(Object obj, JsonWriter writer, Boolean writer_is_private, Int32 depth)
   在 LitJson.JsonMapper.WriteValue(Object obj, JsonWriter writer, Boolean writer_is_private, Int32 depth)
   在 LitJson.JsonMapper.WriteValue(Object obj, JsonWriter writer, Boolean writer_is_private, Int32 depth)
   在 LitJson.JsonMapper.WriteValue(Object obj, JsonWriter writer, Boolean writer_is_private, Int32 depth)
   在 LitJson.JsonMapper.WriteValue(Object obj, JsonWriter writer, Boolean writer_is_private, Int32 depth)
   在 LitJson.JsonMapper.WriteValue(Object obj, JsonWriter writer, Boolean writer_is_private, Int32 depth)
   在 LitJson.JsonMapper.WriteValue(Object obj, JsonWriter writer, Boolean writer_is_private, Int32 depth)
   在 LitJson.JsonMapper.WriteValue(Object obj, JsonWriter writer, Boolean writer_is_private, Int32 depth)
   在 LitJson.JsonMapper.WriteValue(Object obj, JsonWriter writer, Boolean writer_is_private, Int32 depth)
   在 LitJson.JsonMapper.WriteValue(Object obj, JsonWriter writer, Boolean writer_is_private, Int32 depth)
   在 LitJson.JsonMapper.WriteValue(Object obj, JsonWriter writer, Boolean writer_is_private, Int32 depth)
   在 LitJson.JsonMapper.WriteValue(Object obj, JsonWriter writer, Boolean writer_is_private, Int32 depth)
   在 LitJson.JsonMapper.WriteValue(Object obj, JsonWriter writer, Boolean writer_is_private, Int32 depth)
   在 LitJson.JsonMapper.WriteValue(Object obj, JsonWriter writer, Boolean writer_is_private, Int32 depth)
   在 LitJson.JsonMapper.WriteValue(Object obj, JsonWriter writer, Boolean writer_is_private, Int32 depth)
   在 LitJson.JsonMapper.WriteValue(Object obj, JsonWriter writer, Boolean writer_is_private, Int32 depth)
   在 LitJson.JsonMapper.WriteValue(Object obj, JsonWriter writer, Boolean writer_is_private, Int32 depth)
   在 LitJson.JsonMapper.WriteValue(Object obj, JsonWriter writer, Boolean writer_is_private, Int32 depth)
   在 LitJson.JsonMapper.WriteValue(Object obj, JsonWriter writer, Boolean writer_is_private, Int32 depth)
   在 LitJson.JsonMapper.WriteValue(Object obj, JsonWriter writer, Boolean writer_is_private, Int32 depth)
   在 LitJson.JsonMapper.WriteValue(Object obj, JsonWriter writer, Boolean writer_is_private, Int32 depth)
   在 LitJson.JsonMapper.WriteValue(Object obj, JsonWriter writer, Boolean writer_is_private, Int32 depth)
   在 LitJson.JsonMapper.WriteValue(Object obj, JsonWriter writer, Boolean writer_is_private, Int32 depth)
   在 LitJson.JsonMapper.WriteValue(Object obj, JsonWriter writer, Boolean writer_is_private, Int32 depth)
   在 LitJson.JsonMapper.WriteValue(Object obj, JsonWriter writer, Boolean writer_is_private, Int32 depth)
   在 LitJson.JsonMapper.WriteValue(Object obj, JsonWriter writer, Boolean writer_is_private, Int32 depth)
   在 LitJson.JsonMapper.WriteValue(Object obj, JsonWriter writer, Boolean writer_is_private, Int32 depth)
   在 LitJson.JsonMapper.WriteValue(Object obj, JsonWriter writer, Boolean writer_is_private, Int32 depth)
   在 LitJson.JsonMapper.WriteValue(Object obj, JsonWriter writer, Boolean writer_is_private, Int32 depth)
   在 LitJson.JsonMapper.WriteValue(Object obj, JsonWriter writer, Boolean writer_is_private, Int32 depth)
   在 LitJson.JsonMapper.WriteValue(Object obj, JsonWriter writer, Boolean writer_is_private, Int32 depth)
   在 LitJson.JsonMapper.WriteValue(Object obj, JsonWriter writer, Boolean writer_is_private, Int32 depth)
   在 LitJson.JsonMapper.WriteValue(Object obj, JsonWriter writer, Boolean writer_is_private, Int32 depth)
   在 LitJson.JsonMapper.WriteValue(Object obj, JsonWriter writer, Boolean writer_is_private, Int32 depth)
   在 LitJson.JsonMapper.WriteValue(Object obj, JsonWriter writer, Boolean writer_is_private, Int32 depth)
   在 LitJson.JsonMapper.WriteValue(Object obj, JsonWriter writer, Boolean writer_is_private, Int32 depth)
   在 LitJson.JsonMapper.WriteValue(Object obj, JsonWriter writer, Boolean writer_is_private, Int32 depth)
   在 LitJson.JsonMapper.ToJson(Object obj)
   在 DTcms.Web.WebForm4.AddCat(String GoUrl) 位置 f:\ltf\DTcms\DTcms.Web\producJPview.aspx.cs:行号 277
   在 DTcms.Web.WebForm4.btnAddcart_Click(Object sender, ImageClickEventArgs e) 位置 f:\ltf\DTcms\DTcms.Web\producJPview.aspx.cs:行号 84


(IP:127.0.0.1)	2016/4/17 12:53:07	LitJson.JsonException: Max allowed object depth reached while trying to export from type System.Single
   在 LitJson.JsonMapper.WriteValue(Object obj, JsonWriter writer, Boolean writer_is_private, Int32 depth)
   在 LitJson.JsonMapper.WriteValue(Object obj, JsonWriter writer, Boolean writer_is_private, Int32 depth)
   在 LitJson.JsonMapper.WriteValue(Object obj, JsonWriter writer, Boolean writer_is_private, Int32 depth)
   在 LitJson.JsonMapper.WriteValue(Object obj, JsonWriter writer, Boolean writer_is_private, Int32 depth)
   在 LitJson.JsonMapper.WriteValue(Object obj, JsonWriter writer, Boolean writer_is_private, Int32 depth)
   在 LitJson.JsonMapper.WriteValue(Object obj, JsonWriter writer, Boolean writer_is_private, Int32 depth)
   在 LitJson.JsonMapper.WriteValue(Object obj, JsonWriter writer, Boolean writer_is_private, Int32 depth)
   在 LitJson.JsonMapper.WriteValue(Object obj, JsonWriter writer, Boolean writer_is_private, Int32 depth)
   在 LitJson.JsonMapper.WriteValue(Object obj, JsonWriter writer, Boolean writer_is_private, Int32 depth)
   在 LitJson.JsonMapper.WriteValue(Object obj, JsonWriter writer, Boolean writer_is_private, Int32 depth)
   在 LitJson.JsonMapper.WriteValue(Object obj, JsonWriter writer, Boolean writer_is_private, Int32 depth)
   在 LitJson.JsonMapper.WriteValue(Object obj, JsonWriter writer, Boolean writer_is_private, Int32 depth)
   在 LitJson.JsonMapper.WriteValue(Object obj, JsonWriter writer, Boolean writer_is_private, Int32 depth)
   在 LitJson.JsonMapper.WriteValue(Object obj, JsonWriter writer, Boolean writer_is_private, Int32 depth)
   在 LitJson.JsonMapper.WriteValue(Object obj, JsonWriter writer, Boolean writer_is_private, Int32 depth)
   在 LitJson.JsonMapper.WriteValue(Object obj, JsonWriter writer, Boolean writer_is_private, Int32 depth)
   在 LitJson.JsonMapper.WriteValue(Object obj, JsonWriter writer, Boolean writer_is_private, Int32 depth)
   在 LitJson.JsonMapper.WriteValue(Object obj, JsonWriter writer, Boolean writer_is_private, Int32 depth)
   在 LitJson.JsonMapper.WriteValue(Object obj, JsonWriter writer, Boolean writer_is_private, Int32 depth)
   在 LitJson.JsonMapper.WriteValue(Object obj, JsonWriter writer, Boolean writer_is_private, Int32 depth)
   在 LitJson.JsonMapper.WriteValue(Object obj, JsonWriter writer, Boolean writer_is_private, Int32 depth)
   在 LitJson.JsonMapper.WriteValue(Object obj, JsonWriter writer, Boolean writer_is_private, Int32 depth)
   在 LitJson.JsonMapper.WriteValue(Object obj, JsonWriter writer, Boolean writer_is_private, Int32 depth)
   在 LitJson.JsonMapper.WriteValue(Object obj, JsonWriter writer, Boolean writer_is_private, Int32 depth)
   在 LitJson.JsonMapper.WriteValue(Object obj, JsonWriter writer, Boolean writer_is_private, Int32 depth)
   在 LitJson.JsonMapper.WriteValue(Object obj, JsonWriter writer, Boolean writer_is_private, Int32 depth)
   在 LitJson.JsonMapper.WriteValue(Object obj, JsonWriter writer, Boolean writer_is_private, Int32 depth)
   在 LitJson.JsonMapper.WriteValue(Object obj, JsonWriter writer, Boolean writer_is_private, Int32 depth)
   在 LitJson.JsonMapper.WriteValue(Object obj, JsonWriter writer, Boolean writer_is_private, Int32 depth)
   在 LitJson.JsonMapper.WriteValue(Object obj, JsonWriter writer, Boolean writer_is_private, Int32 depth)
   在 LitJson.JsonMapper.WriteValue(Object obj, JsonWriter writer, Boolean writer_is_private, Int32 depth)
   在 LitJson.JsonMapper.WriteValue(Object obj, JsonWriter writer, Boolean writer_is_private, Int32 depth)
   在 LitJson.JsonMapper.WriteValue(Object obj, JsonWriter writer, Boolean writer_is_private, Int32 depth)
   在 LitJson.JsonMapper.WriteValue(Object obj, JsonWriter writer, Boolean writer_is_private, Int32 depth)
   在 LitJson.JsonMapper.WriteValue(Object obj, JsonWriter writer, Boolean writer_is_private, Int32 depth)
   在 LitJson.JsonMapper.WriteValue(Object obj, JsonWriter writer, Boolean writer_is_private, Int32 depth)
   在 LitJson.JsonMapper.WriteValue(Object obj, JsonWriter writer, Boolean writer_is_private, Int32 depth)
   在 LitJson.JsonMapper.WriteValue(Object obj, JsonWriter writer, Boolean writer_is_private, Int32 depth)
   在 LitJson.JsonMapper.WriteValue(Object obj, JsonWriter writer, Boolean writer_is_private, Int32 depth)
   在 LitJson.JsonMapper.WriteValue(Object obj, JsonWriter writer, Boolean writer_is_private, Int32 depth)
   在 LitJson.JsonMapper.WriteValue(Object obj, JsonWriter writer, Boolean writer_is_private, Int32 depth)
   在 LitJson.JsonMapper.WriteValue(Object obj, JsonWriter writer, Boolean writer_is_private, Int32 depth)
   在 LitJson.JsonMapper.WriteValue(Object obj, JsonWriter writer, Boolean writer_is_private, Int32 depth)
   在 LitJson.JsonMapper.WriteValue(Object obj, JsonWriter writer, Boolean writer_is_private, Int32 depth)
   在 LitJson.JsonMapper.WriteValue(Object obj, JsonWriter writer, Boolean writer_is_private, Int32 depth)
   在 LitJson.JsonMapper.WriteValue(Object obj, JsonWriter writer, Boolean writer_is_private, Int32 depth)
   在 LitJson.JsonMapper.WriteValue(Object obj, JsonWriter writer, Boolean writer_is_private, Int32 depth)
   在 LitJson.JsonMapper.WriteValue(Object obj, JsonWriter writer, Boolean writer_is_private, Int32 depth)
   在 LitJson.JsonMapper.WriteValue(Object obj, JsonWriter writer, Boolean writer_is_private, Int32 depth)
   在 LitJson.JsonMapper.WriteValue(Object obj, JsonWriter writer, Boolean writer_is_private, Int32 depth)
   在 LitJson.JsonMapper.WriteValue(Object obj, JsonWriter writer, Boolean writer_is_private, Int32 depth)
   在 LitJson.JsonMapper.WriteValue(Object obj, JsonWriter writer, Boolean writer_is_private, Int32 depth)
   在 LitJson.JsonMapper.WriteValue(Object obj, JsonWriter writer, Boolean writer_is_private, Int32 depth)
   在 LitJson.JsonMapper.WriteValue(Object obj, JsonWriter writer, Boolean writer_is_private, Int32 depth)
   在 LitJson.JsonMapper.WriteValue(Object obj, JsonWriter writer, Boolean writer_is_private, Int32 depth)
   在 LitJson.JsonMapper.WriteValue(Object obj, JsonWriter writer, Boolean writer_is_private, Int32 depth)
   在 LitJson.JsonMapper.WriteValue(Object obj, JsonWriter writer, Boolean writer_is_private, Int32 depth)
   在 LitJson.JsonMapper.WriteValue(Object obj, JsonWriter writer, Boolean writer_is_private, Int32 depth)
   在 LitJson.JsonMapper.WriteValue(Object obj, JsonWriter writer, Boolean writer_is_private, Int32 depth)
   在 LitJson.JsonMapper.WriteValue(Object obj, JsonWriter writer, Boolean writer_is_private, Int32 depth)
   在 LitJson.JsonMapper.WriteValue(Object obj, JsonWriter writer, Boolean writer_is_private, Int32 depth)
   在 LitJson.JsonMapper.WriteValue(Object obj, JsonWriter writer, Boolean writer_is_private, Int32 depth)
   在 LitJson.JsonMapper.WriteValue(Object obj, JsonWriter writer, Boolean writer_is_private, Int32 depth)
   在 LitJson.JsonMapper.WriteValue(Object obj, JsonWriter writer, Boolean writer_is_private, Int32 depth)
   在 LitJson.JsonMapper.WriteValue(Object obj, JsonWriter writer, Boolean writer_is_private, Int32 depth)
   在 LitJson.JsonMapper.WriteValue(Object obj, JsonWriter writer, Boolean writer_is_private, Int32 depth)
   在 LitJson.JsonMapper.WriteValue(Object obj, JsonWriter writer, Boolean writer_is_private, Int32 depth)
   在 LitJson.JsonMapper.WriteValue(Object obj, JsonWriter writer, Boolean writer_is_private, Int32 depth)
   在 LitJson.JsonMapper.WriteValue(Object obj, JsonWriter writer, Boolean writer_is_private, Int32 depth)
   在 LitJson.JsonMapper.WriteValue(Object obj, JsonWriter writer, Boolean writer_is_private, Int32 depth)
   在 LitJson.JsonMapper.WriteValue(Object obj, JsonWriter writer, Boolean writer_is_private, Int32 depth)
   在 LitJson.JsonMapper.WriteValue(Object obj, JsonWriter writer, Boolean writer_is_private, Int32 depth)
   在 LitJson.JsonMapper.WriteValue(Object obj, JsonWriter writer, Boolean writer_is_private, Int32 depth)
   在 LitJson.JsonMapper.WriteValue(Object obj, JsonWriter writer, Boolean writer_is_private, Int32 depth)
   在 LitJson.JsonMapper.WriteValue(Object obj, JsonWriter writer, Boolean writer_is_private, Int32 depth)
   在 LitJson.JsonMapper.WriteValue(Object obj, JsonWriter writer, Boolean writer_is_private, Int32 depth)
   在 LitJson.JsonMapper.WriteValue(Object obj, JsonWriter writer, Boolean writer_is_private, Int32 depth)
   在 LitJson.JsonMapper.WriteValue(Object obj, JsonWriter writer, Boolean writer_is_private, Int32 depth)
   在 LitJson.JsonMapper.WriteValue(Object obj, JsonWriter writer, Boolean writer_is_private, Int32 depth)
   在 LitJson.JsonMapper.WriteValue(Object obj, JsonWriter writer, Boolean writer_is_private, Int32 depth)
   在 LitJson.JsonMapper.WriteValue(Object obj, JsonWriter writer, Boolean writer_is_private, Int32 depth)
   在 LitJson.JsonMapper.WriteValue(Object obj, JsonWriter writer, Boolean writer_is_private, Int32 depth)
   在 LitJson.JsonMapper.WriteValue(Object obj, JsonWriter writer, Boolean writer_is_private, Int32 depth)
   在 LitJson.JsonMapper.WriteValue(Object obj, JsonWriter writer, Boolean writer_is_private, Int32 depth)
   在 LitJson.JsonMapper.WriteValue(Object obj, JsonWriter writer, Boolean writer_is_private, Int32 depth)
   在 LitJson.JsonMapper.WriteValue(Object obj, JsonWriter writer, Boolean writer_is_private, Int32 depth)
   在 LitJson.JsonMapper.WriteValue(Object obj, JsonWriter writer, Boolean writer_is_private, Int32 depth)
   在 LitJson.JsonMapper.WriteValue(Object obj, JsonWriter writer, Boolean writer_is_private, Int32 depth)
   在 LitJson.JsonMapper.WriteValue(Object obj, JsonWriter writer, Boolean writer_is_private, Int32 depth)
   在 LitJson.JsonMapper.WriteValue(Object obj, JsonWriter writer, Boolean writer_is_private, Int32 depth)
   在 LitJson.JsonMapper.WriteValue(Object obj, JsonWriter writer, Boolean writer_is_private, Int32 depth)
   在 LitJson.JsonMapper.WriteValue(Object obj, JsonWriter writer, Boolean writer_is_private, Int32 depth)
   在 LitJson.JsonMapper.WriteValue(Object obj, JsonWriter writer, Boolean writer_is_private, Int32 depth)
   在 LitJson.JsonMapper.WriteValue(Object obj, JsonWriter writer, Boolean writer_is_private, Int32 depth)
   在 LitJson.JsonMapper.WriteValue(Object obj, JsonWriter writer, Boolean writer_is_private, Int32 depth)
   在 LitJson.JsonMapper.WriteValue(Object obj, JsonWriter writer, Boolean writer_is_private, Int32 depth)
   在 LitJson.JsonMapper.WriteValue(Object obj, JsonWriter writer, Boolean writer_is_private, Int32 depth)
   在 LitJson.JsonMapper.WriteValue(Object obj, JsonWriter writer, Boolean writer_is_private, Int32 depth)
   在 LitJson.JsonMapper.WriteValue(Object obj, JsonWriter writer, Boolean writer_is_private, Int32 depth)
   在 LitJson.JsonMapper.WriteValue(Object obj, JsonWriter writer, Boolean writer_is_private, Int32 depth)
   在 LitJson.JsonMapper.WriteValue(Object obj, JsonWriter writer, Boolean writer_is_private, Int32 depth)
   在 LitJson.JsonMapper.WriteValue(Object obj, JsonWriter writer, Boolean writer_is_private, Int32 depth)
   在 LitJson.JsonMapper.ToJson(Object obj)
   在 DTcms.Web.WebForm4.AddCat(String GoUrl) 位置 f:\ltf\DTcms\DTcms.Web\producJPview.aspx.cs:行号 277
   在 DTcms.Web.WebForm4.btnAddcart_Click(Object sender, ImageClickEventArgs e) 位置 f:\ltf\DTcms\DTcms.Web\producJPview.aspx.cs:行号 84
   在 LitJson.JsonMapper.WriteValue(Object obj, JsonWriter writer, Boolean writer_is_private, Int32 depth)
   在 LitJson.JsonMapper.WriteValue(Object obj, JsonWriter writer, Boolean writer_is_private, Int32 depth)
   在 LitJson.JsonMapper.WriteValue(Object obj, JsonWriter writer, Boolean writer_is_private, Int32 depth)
   在 LitJson.JsonMapper.WriteValue(Object obj, JsonWriter writer, Boolean writer_is_private, Int32 depth)
   在 LitJson.JsonMapper.WriteValue(Object obj, JsonWriter writer, Boolean writer_is_private, Int32 depth)
   在 LitJson.JsonMapper.WriteValue(Object obj, JsonWriter writer, Boolean writer_is_private, Int32 depth)
   在 LitJson.JsonMapper.WriteValue(Object obj, JsonWriter writer, Boolean writer_is_private, Int32 depth)
   在 LitJson.JsonMapper.WriteValue(Object obj, JsonWriter writer, Boolean writer_is_private, Int32 depth)
   在 LitJson.JsonMapper.WriteValue(Object obj, JsonWriter writer, Boolean writer_is_private, Int32 depth)
   在 LitJson.JsonMapper.WriteValue(Object obj, JsonWriter writer, Boolean writer_is_private, Int32 depth)
   在 LitJson.JsonMapper.WriteValue(Object obj, JsonWriter writer, Boolean writer_is_private, Int32 depth)
   在 LitJson.JsonMapper.WriteValue(Object obj, JsonWriter writer, Boolean writer_is_private, Int32 depth)
   在 LitJson.JsonMapper.WriteValue(Object obj, JsonWriter writer, Boolean writer_is_private, Int32 depth)
   在 LitJson.JsonMapper.WriteValue(Object obj, JsonWriter writer, Boolean writer_is_private, Int32 depth)
   在 LitJson.JsonMapper.WriteValue(Object obj, JsonWriter writer, Boolean writer_is_private, Int32 depth)
   在 LitJson.JsonMapper.WriteValue(Object obj, JsonWriter writer, Boolean writer_is_private, Int32 depth)
   在 LitJson.JsonMapper.WriteValue(Object obj, JsonWriter writer, Boolean writer_is_private, Int32 depth)
   在 LitJson.JsonMapper.WriteValue(Object obj, JsonWriter writer, Boolean writer_is_private, Int32 depth)
   在 LitJson.JsonMapper.WriteValue(Object obj, JsonWriter writer, Boolean writer_is_private, Int32 depth)
   在 LitJson.JsonMapper.WriteValue(Object obj, JsonWriter writer, Boolean writer_is_private, Int32 depth)
   在 LitJson.JsonMapper.WriteValue(Object obj, JsonWriter writer, Boolean writer_is_private, Int32 depth)
   在 LitJson.JsonMapper.WriteValue(Object obj, JsonWriter writer, Boolean writer_is_private, Int32 depth)
   在 LitJson.JsonMapper.WriteValue(Object obj, JsonWriter writer, Boolean writer_is_private, Int32 depth)
   在 LitJson.JsonMapper.WriteValue(Object obj, JsonWriter writer, Boolean writer_is_private, Int32 depth)
   在 LitJson.JsonMapper.WriteValue(Object obj, JsonWriter writer, Boolean writer_is_private, Int32 depth)
   在 LitJson.JsonMapper.WriteValue(Object obj, JsonWriter writer, Boolean writer_is_private, Int32 depth)
   在 LitJson.JsonMapper.WriteValue(Object obj, JsonWriter writer, Boolean writer_is_private, Int32 depth)
   在 LitJson.JsonMapper.WriteValue(Object obj, JsonWriter writer, Boolean writer_is_private, Int32 depth)
   在 LitJson.JsonMapper.WriteValue(Object obj, JsonWriter writer, Boolean writer_is_private, Int32 depth)
   在 LitJson.JsonMapper.WriteValue(Object obj, JsonWriter writer, Boolean writer_is_private, Int32 depth)
   在 LitJson.JsonMapper.WriteValue(Object obj, JsonWriter writer, Boolean writer_is_private, Int32 depth)
   在 LitJson.JsonMapper.WriteValue(Object obj, JsonWriter writer, Boolean writer_is_private, Int32 depth)
   在 LitJson.JsonMapper.WriteValue(Object obj, JsonWriter writer, Boolean writer_is_private, Int32 depth)
   在 LitJson.JsonMapper.WriteValue(Object obj, JsonWriter writer, Boolean writer_is_private, Int32 depth)
   在 LitJson.JsonMapper.WriteValue(Object obj, JsonWriter writer, Boolean writer_is_private, Int32 depth)
   在 LitJson.JsonMapper.WriteValue(Object obj, JsonWriter writer, Boolean writer_is_private, Int32 depth)
   在 LitJson.JsonMapper.WriteValue(Object obj, JsonWriter writer, Boolean writer_is_private, Int32 depth)
   在 LitJson.JsonMapper.WriteValue(Object obj, JsonWriter writer, Boolean writer_is_private, Int32 depth)
   在 LitJson.JsonMapper.WriteValue(Object obj, JsonWriter writer, Boolean writer_is_private, Int32 depth)
   在 LitJson.JsonMapper.WriteValue(Object obj, JsonWriter writer, Boolean writer_is_private, Int32 depth)
   在 LitJson.JsonMapper.WriteValue(Object obj, JsonWriter writer, Boolean writer_is_private, Int32 depth)
   在 LitJson.JsonMapper.WriteValue(Object obj, JsonWriter writer, Boolean writer_is_private, Int32 depth)
   在 LitJson.JsonMapper.WriteValue(Object obj, JsonWriter writer, Boolean writer_is_private, Int32 depth)
   在 LitJson.JsonMapper.WriteValue(Object obj, JsonWriter writer, Boolean writer_is_private, Int32 depth)
   在 LitJson.JsonMapper.WriteValue(Object obj, JsonWriter writer, Boolean writer_is_private, Int32 depth)
   在 LitJson.JsonMapper.WriteValue(Object obj, JsonWriter writer, Boolean writer_is_private, Int32 depth)
   在 LitJson.JsonMapper.WriteValue(Object obj, JsonWriter writer, Boolean writer_is_private, Int32 depth)
   在 LitJson.JsonMapper.WriteValue(Object obj, JsonWriter writer, Boolean writer_is_private, Int32 depth)
   在 LitJson.JsonMapper.WriteValue(Object obj, JsonWriter writer, Boolean writer_is_private, Int32 depth)
   在 LitJson.JsonMapper.WriteValue(Object obj, JsonWriter writer, Boolean writer_is_private, Int32 depth)
   在 LitJson.JsonMapper.WriteValue(Object obj, JsonWriter writer, Boolean writer_is_private, Int32 depth)
   在 LitJson.JsonMapper.WriteValue(Object obj, JsonWriter writer, Boolean writer_is_private, Int32 depth)
   在 LitJson.JsonMapper.WriteValue(Object obj, JsonWriter writer, Boolean writer_is_private, Int32 depth)
   在 LitJson.JsonMapper.WriteValue(Object obj, JsonWriter writer, Boolean writer_is_private, Int32 depth)
   在 LitJson.JsonMapper.WriteValue(Object obj, JsonWriter writer, Boolean writer_is_private, Int32 depth)
   在 LitJson.JsonMapper.WriteValue(Object obj, JsonWriter writer, Boolean writer_is_private, Int32 depth)
   在 LitJson.JsonMapper.WriteValue(Object obj, JsonWriter writer, Boolean writer_is_private, Int32 depth)
   在 LitJson.JsonMapper.WriteValue(Object obj, JsonWriter writer, Boolean writer_is_private, Int32 depth)
   在 LitJson.JsonMapper.WriteValue(Object obj, JsonWriter writer, Boolean writer_is_private, Int32 depth)
   在 LitJson.JsonMapper.WriteValue(Object obj, JsonWriter writer, Boolean writer_is_private, Int32 depth)
   在 LitJson.JsonMapper.WriteValue(Object obj, JsonWriter writer, Boolean writer_is_private, Int32 depth)
   在 LitJson.JsonMapper.WriteValue(Object obj, JsonWriter writer, Boolean writer_is_private, Int32 depth)
   在 LitJson.JsonMapper.WriteValue(Object obj, JsonWriter writer, Boolean writer_is_private, Int32 depth)
   在 LitJson.JsonMapper.WriteValue(Object obj, JsonWriter writer, Boolean writer_is_private, Int32 depth)
   在 LitJson.JsonMapper.WriteValue(Object obj, JsonWriter writer, Boolean writer_is_private, Int32 depth)
   在 LitJson.JsonMapper.WriteValue(Object obj, JsonWriter writer, Boolean writer_is_private, Int32 depth)
   在 LitJson.JsonMapper.WriteValue(Object obj, JsonWriter writer, Boolean writer_is_private, Int32 depth)
   在 LitJson.JsonMapper.WriteValue(Object obj, JsonWriter writer, Boolean writer_is_private, Int32 depth)
   在 LitJson.JsonMapper.WriteValue(Object obj, JsonWriter writer, Boolean writer_is_private, Int32 depth)
   在 LitJson.JsonMapper.WriteValue(Object obj, JsonWriter writer, Boolean writer_is_private, Int32 depth)
   在 LitJson.JsonMapper.WriteValue(Object obj, JsonWriter writer, Boolean writer_is_private, Int32 depth)
   在 LitJson.JsonMapper.WriteValue(Object obj, JsonWriter writer, Boolean writer_is_private, Int32 depth)
   在 LitJson.JsonMapper.WriteValue(Object obj, JsonWriter writer, Boolean writer_is_private, Int32 depth)
   在 LitJson.JsonMapper.WriteValue(Object obj, JsonWriter writer, Boolean writer_is_private, Int32 depth)
   在 LitJson.JsonMapper.WriteValue(Object obj, JsonWriter writer, Boolean writer_is_private, Int32 depth)
   在 LitJson.JsonMapper.WriteValue(Object obj, JsonWriter writer, Boolean writer_is_private, Int32 depth)
   在 LitJson.JsonMapper.WriteValue(Object obj, JsonWriter writer, Boolean writer_is_private, Int32 depth)
   在 LitJson.JsonMapper.WriteValue(Object obj, JsonWriter writer, Boolean writer_is_private, Int32 depth)
   在 LitJson.JsonMapper.WriteValue(Object obj, JsonWriter writer, Boolean writer_is_private, Int32 depth)
   在 LitJson.JsonMapper.WriteValue(Object obj, JsonWriter writer, Boolean writer_is_private, Int32 depth)
   在 LitJson.JsonMapper.WriteValue(Object obj, JsonWriter writer, Boolean writer_is_private, Int32 depth)
   在 LitJson.JsonMapper.WriteValue(Object obj, JsonWriter writer, Boolean writer_is_private, Int32 depth)
   在 LitJson.JsonMapper.WriteValue(Object obj, JsonWriter writer, Boolean writer_is_private, Int32 depth)
   在 LitJson.JsonMapper.WriteValue(Object obj, JsonWriter writer, Boolean writer_is_private, Int32 depth)
   在 LitJson.JsonMapper.WriteValue(Object obj, JsonWriter writer, Boolean writer_is_private, Int32 depth)
   在 LitJson.JsonMapper.WriteValue(Object obj, JsonWriter writer, Boolean writer_is_private, Int32 depth)
   在 LitJson.JsonMapper.WriteValue(Object obj, JsonWriter writer, Boolean writer_is_private, Int32 depth)
   在 LitJson.JsonMapper.WriteValue(Object obj, JsonWriter writer, Boolean writer_is_private, Int32 depth)
   在 LitJson.JsonMapper.WriteValue(Object obj, JsonWriter writer, Boolean writer_is_private, Int32 depth)
   在 LitJson.JsonMapper.WriteValue(Object obj, JsonWriter writer, Boolean writer_is_private, Int32 depth)
   在 LitJson.JsonMapper.WriteValue(Object obj, JsonWriter writer, Boolean writer_is_private, Int32 depth)
   在 LitJson.JsonMapper.WriteValue(Object obj, JsonWriter writer, Boolean writer_is_private, Int32 depth)
   在 LitJson.JsonMapper.WriteValue(Object obj, JsonWriter writer, Boolean writer_is_private, Int32 depth)
   在 LitJson.JsonMapper.WriteValue(Object obj, JsonWriter writer, Boolean writer_is_private, Int32 depth)
   在 LitJson.JsonMapper.WriteValue(Object obj, JsonWriter writer, Boolean writer_is_private, Int32 depth)
   在 LitJson.JsonMapper.WriteValue(Object obj, JsonWriter writer, Boolean writer_is_private, Int32 depth)
   在 LitJson.JsonMapper.WriteValue(Object obj, JsonWriter writer, Boolean writer_is_private, Int32 depth)
   在 LitJson.JsonMapper.WriteValue(Object obj, JsonWriter writer, Boolean writer_is_private, Int32 depth)
   在 LitJson.JsonMapper.WriteValue(Object obj, JsonWriter writer, Boolean writer_is_private, Int32 depth)
   在 LitJson.JsonMapper.WriteValue(Object obj, JsonWriter writer, Boolean writer_is_private, Int32 depth)
   在 LitJson.JsonMapper.WriteValue(Object obj, JsonWriter writer, Boolean writer_is_private, Int32 depth)
   在 LitJson.JsonMapper.WriteValue(Object obj, JsonWriter writer, Boolean writer_is_private, Int32 depth)
   在 LitJson.JsonMapper.ToJson(Object obj)
   在 DTcms.Web.WebForm4.AddCat(String GoUrl) 位置 f:\ltf\DTcms\DTcms.Web\producJPview.aspx.cs:行号 277
   在 DTcms.Web.WebForm4.btnAddcart_Click(Object sender, ImageClickEventArgs e) 位置 f:\ltf\DTcms\DTcms.Web\producJPview.aspx.cs:行号 84


(IP:127.0.0.1)	2016/4/17 12:55:03	LitJson.JsonException: Max allowed object depth reached while trying to export from type System.Single
   在 LitJson.JsonMapper.WriteValue(Object obj, JsonWriter writer, Boolean writer_is_private, Int32 depth)
   在 LitJson.JsonMapper.WriteValue(Object obj, JsonWriter writer, Boolean writer_is_private, Int32 depth)
   在 LitJson.JsonMapper.WriteValue(Object obj, JsonWriter writer, Boolean writer_is_private, Int32 depth)
   在 LitJson.JsonMapper.WriteValue(Object obj, JsonWriter writer, Boolean writer_is_private, Int32 depth)
   在 LitJson.JsonMapper.WriteValue(Object obj, JsonWriter writer, Boolean writer_is_private, Int32 depth)
   在 LitJson.JsonMapper.WriteValue(Object obj, JsonWriter writer, Boolean writer_is_private, Int32 depth)
   在 LitJson.JsonMapper.WriteValue(Object obj, JsonWriter writer, Boolean writer_is_private, Int32 depth)
   在 LitJson.JsonMapper.WriteValue(Object obj, JsonWriter writer, Boolean writer_is_private, Int32 depth)
   在 LitJson.JsonMapper.WriteValue(Object obj, JsonWriter writer, Boolean writer_is_private, Int32 depth)
   在 LitJson.JsonMapper.WriteValue(Object obj, JsonWriter writer, Boolean writer_is_private, Int32 depth)
   在 LitJson.JsonMapper.WriteValue(Object obj, JsonWriter writer, Boolean writer_is_private, Int32 depth)
   在 LitJson.JsonMapper.WriteValue(Object obj, JsonWriter writer, Boolean writer_is_private, Int32 depth)
   在 LitJson.JsonMapper.WriteValue(Object obj, JsonWriter writer, Boolean writer_is_private, Int32 depth)
   在 LitJson.JsonMapper.WriteValue(Object obj, JsonWriter writer, Boolean writer_is_private, Int32 depth)
   在 LitJson.JsonMapper.WriteValue(Object obj, JsonWriter writer, Boolean writer_is_private, Int32 depth)
   在 LitJson.JsonMapper.WriteValue(Object obj, JsonWriter writer, Boolean writer_is_private, Int32 depth)
   在 LitJson.JsonMapper.WriteValue(Object obj, JsonWriter writer, Boolean writer_is_private, Int32 depth)
   在 LitJson.JsonMapper.WriteValue(Object obj, JsonWriter writer, Boolean writer_is_private, Int32 depth)
   在 LitJson.JsonMapper.WriteValue(Object obj, JsonWriter writer, Boolean writer_is_private, Int32 depth)
   在 LitJson.JsonMapper.WriteValue(Object obj, JsonWriter writer, Boolean writer_is_private, Int32 depth)
   在 LitJson.JsonMapper.WriteValue(Object obj, JsonWriter writer, Boolean writer_is_private, Int32 depth)
   在 LitJson.JsonMapper.WriteValue(Object obj, JsonWriter writer, Boolean writer_is_private, Int32 depth)
   在 LitJson.JsonMapper.WriteValue(Object obj, JsonWriter writer, Boolean writer_is_private, Int32 depth)
   在 LitJson.JsonMapper.WriteValue(Object obj, JsonWriter writer, Boolean writer_is_private, Int32 depth)
   在 LitJson.JsonMapper.WriteValue(Object obj, JsonWriter writer, Boolean writer_is_private, Int32 depth)
   在 LitJson.JsonMapper.WriteValue(Object obj, JsonWriter writer, Boolean writer_is_private, Int32 depth)
   在 LitJson.JsonMapper.WriteValue(Object obj, JsonWriter writer, Boolean writer_is_private, Int32 depth)
   在 LitJson.JsonMapper.WriteValue(Object obj, JsonWriter writer, Boolean writer_is_private, Int32 depth)
   在 LitJson.JsonMapper.WriteValue(Object obj, JsonWriter writer, Boolean writer_is_private, Int32 depth)
   在 LitJson.JsonMapper.WriteValue(Object obj, JsonWriter writer, Boolean writer_is_private, Int32 depth)
   在 LitJson.JsonMapper.WriteValue(Object obj, JsonWriter writer, Boolean writer_is_private, Int32 depth)
   在 LitJson.JsonMapper.WriteValue(Object obj, JsonWriter writer, Boolean writer_is_private, Int32 depth)
   在 LitJson.JsonMapper.WriteValue(Object obj, JsonWriter writer, Boolean writer_is_private, Int32 depth)
   在 LitJson.JsonMapper.WriteValue(Object obj, JsonWriter writer, Boolean writer_is_private, Int32 depth)
   在 LitJson.JsonMapper.WriteValue(Object obj, JsonWriter writer, Boolean writer_is_private, Int32 depth)
   在 LitJson.JsonMapper.WriteValue(Object obj, JsonWriter writer, Boolean writer_is_private, Int32 depth)
   在 LitJson.JsonMapper.WriteValue(Object obj, JsonWriter writer, Boolean writer_is_private, Int32 depth)
   在 LitJson.JsonMapper.WriteValue(Object obj, JsonWriter writer, Boolean writer_is_private, Int32 depth)
   在 LitJson.JsonMapper.WriteValue(Object obj, JsonWriter writer, Boolean writer_is_private, Int32 depth)
   在 LitJson.JsonMapper.WriteValue(Object obj, JsonWriter writer, Boolean writer_is_private, Int32 depth)
   在 LitJson.JsonMapper.WriteValue(Object obj, JsonWriter writer, Boolean writer_is_private, Int32 depth)
   在 LitJson.JsonMapper.WriteValue(Object obj, JsonWriter writer, Boolean writer_is_private, Int32 depth)
   在 LitJson.JsonMapper.WriteValue(Object obj, JsonWriter writer, Boolean writer_is_private, Int32 depth)
   在 LitJson.JsonMapper.WriteValue(Object obj, JsonWriter writer, Boolean writer_is_private, Int32 depth)
   在 LitJson.JsonMapper.WriteValue(Object obj, JsonWriter writer, Boolean writer_is_private, Int32 depth)
   在 LitJson.JsonMapper.WriteValue(Object obj, JsonWriter writer, Boolean writer_is_private, Int32 depth)
   在 LitJson.JsonMapper.WriteValue(Object obj, JsonWriter writer, Boolean writer_is_private, Int32 depth)
   在 LitJson.JsonMapper.WriteValue(Object obj, JsonWriter writer, Boolean writer_is_private, Int32 depth)
   在 LitJson.JsonMapper.WriteValue(Object obj, JsonWriter writer, Boolean writer_is_private, Int32 depth)
   在 LitJson.JsonMapper.WriteValue(Object obj, JsonWriter writer, Boolean writer_is_private, Int32 depth)
   在 LitJson.JsonMapper.WriteValue(Object obj, JsonWriter writer, Boolean writer_is_private, Int32 depth)
   在 LitJson.JsonMapper.WriteValue(Object obj, JsonWriter writer, Boolean writer_is_private, Int32 depth)
   在 LitJson.JsonMapper.WriteValue(Object obj, JsonWriter writer, Boolean writer_is_private, Int32 depth)
   在 LitJson.JsonMapper.WriteValue(Object obj, JsonWriter writer, Boolean writer_is_private, Int32 depth)
   在 LitJson.JsonMapper.WriteValue(Object obj, JsonWriter writer, Boolean writer_is_private, Int32 depth)
   在 LitJson.JsonMapper.WriteValue(Object obj, JsonWriter writer, Boolean writer_is_private, Int32 depth)
   在 LitJson.JsonMapper.WriteValue(Object obj, JsonWriter writer, Boolean writer_is_private, Int32 depth)
   在 LitJson.JsonMapper.WriteValue(Object obj, JsonWriter writer, Boolean writer_is_private, Int32 depth)
   在 LitJson.JsonMapper.WriteValue(Object obj, JsonWriter writer, Boolean writer_is_private, Int32 depth)
   在 LitJson.JsonMapper.WriteValue(Object obj, JsonWriter writer, Boolean writer_is_private, Int32 depth)
   在 LitJson.JsonMapper.WriteValue(Object obj, JsonWriter writer, Boolean writer_is_private, Int32 depth)
   在 LitJson.JsonMapper.WriteValue(Object obj, JsonWriter writer, Boolean writer_is_private, Int32 depth)
   在 LitJson.JsonMapper.WriteValue(Object obj, JsonWriter writer, Boolean writer_is_private, Int32 depth)
   在 LitJson.JsonMapper.WriteValue(Object obj, JsonWriter writer, Boolean writer_is_private, Int32 depth)
   在 LitJson.JsonMapper.WriteValue(Object obj, JsonWriter writer, Boolean writer_is_private, Int32 depth)
   在 LitJson.JsonMapper.WriteValue(Object obj, JsonWriter writer, Boolean writer_is_private, Int32 depth)
   在 LitJson.JsonMapper.WriteValue(Object obj, JsonWriter writer, Boolean writer_is_private, Int32 depth)
   在 LitJson.JsonMapper.WriteValue(Object obj, JsonWriter writer, Boolean writer_is_private, Int32 depth)
   在 LitJson.JsonMapper.WriteValue(Object obj, JsonWriter writer, Boolean writer_is_private, Int32 depth)
   在 LitJson.JsonMapper.WriteValue(Object obj, JsonWriter writer, Boolean writer_is_private, Int32 depth)
   在 LitJson.JsonMapper.WriteValue(Object obj, JsonWriter writer, Boolean writer_is_private, Int32 depth)
   在 LitJson.JsonMapper.WriteValue(Object obj, JsonWriter writer, Boolean writer_is_private, Int32 depth)
   在 LitJson.JsonMapper.WriteValue(Object obj, JsonWriter writer, Boolean writer_is_private, Int32 depth)
   在 LitJson.JsonMapper.WriteValue(Object obj, JsonWriter writer, Boolean writer_is_private, Int32 depth)
   在 LitJson.JsonMapper.WriteValue(Object obj, JsonWriter writer, Boolean writer_is_private, Int32 depth)
   在 LitJson.JsonMapper.WriteValue(Object obj, JsonWriter writer, Boolean writer_is_private, Int32 depth)
   在 LitJson.JsonMapper.WriteValue(Object obj, JsonWriter writer, Boolean writer_is_private, Int32 depth)
   在 LitJson.JsonMapper.WriteValue(Object obj, JsonWriter writer, Boolean writer_is_private, Int32 depth)
   在 LitJson.JsonMapper.WriteValue(Object obj, JsonWriter writer, Boolean writer_is_private, Int32 depth)
   在 LitJson.JsonMapper.WriteValue(Object obj, JsonWriter writer, Boolean writer_is_private, Int32 depth)
   在 LitJson.JsonMapper.WriteValue(Object obj, JsonWriter writer, Boolean writer_is_private, Int32 depth)
   在 LitJson.JsonMapper.WriteValue(Object obj, JsonWriter writer, Boolean writer_is_private, Int32 depth)
   在 LitJson.JsonMapper.WriteValue(Object obj, JsonWriter writer, Boolean writer_is_private, Int32 depth)
   在 LitJson.JsonMapper.WriteValue(Object obj, JsonWriter writer, Boolean writer_is_private, Int32 depth)
   在 LitJson.JsonMapper.WriteValue(Object obj, JsonWriter writer, Boolean writer_is_private, Int32 depth)
   在 LitJson.JsonMapper.WriteValue(Object obj, JsonWriter writer, Boolean writer_is_private, Int32 depth)
   在 LitJson.JsonMapper.WriteValue(Object obj, JsonWriter writer, Boolean writer_is_private, Int32 depth)
   在 LitJson.JsonMapper.WriteValue(Object obj, JsonWriter writer, Boolean writer_is_private, Int32 depth)
   在 LitJson.JsonMapper.WriteValue(Object obj, JsonWriter writer, Boolean writer_is_private, Int32 depth)
   在 LitJson.JsonMapper.WriteValue(Object obj, JsonWriter writer, Boolean writer_is_private, Int32 depth)
   在 LitJson.JsonMapper.WriteValue(Object obj, JsonWriter writer, Boolean writer_is_private, Int32 depth)
   在 LitJson.JsonMapper.WriteValue(Object obj, JsonWriter writer, Boolean writer_is_private, Int32 depth)
   在 LitJson.JsonMapper.WriteValue(Object obj, JsonWriter writer, Boolean writer_is_private, Int32 depth)
   在 LitJson.JsonMapper.WriteValue(Object obj, JsonWriter writer, Boolean writer_is_private, Int32 depth)
   在 LitJson.JsonMapper.WriteValue(Object obj, JsonWriter writer, Boolean writer_is_private, Int32 depth)
   在 LitJson.JsonMapper.WriteValue(Object obj, JsonWriter writer, Boolean writer_is_private, Int32 depth)
   在 LitJson.JsonMapper.WriteValue(Object obj, JsonWriter writer, Boolean writer_is_private, Int32 depth)
   在 LitJson.JsonMapper.WriteValue(Object obj, JsonWriter writer, Boolean writer_is_private, Int32 depth)
   在 LitJson.JsonMapper.WriteValue(Object obj, JsonWriter writer, Boolean writer_is_private, Int32 depth)
   在 LitJson.JsonMapper.WriteValue(Object obj, JsonWriter writer, Boolean writer_is_private, Int32 depth)
   在 LitJson.JsonMapper.WriteValue(Object obj, JsonWriter writer, Boolean writer_is_private, Int32 depth)
   在 LitJson.JsonMapper.WriteValue(Object obj, JsonWriter writer, Boolean writer_is_private, Int32 depth)
   在 LitJson.JsonMapper.ToJson(Object obj)
   在 DTcms.Web.WebForm4.AddCat(String GoUrl) 位置 f:\ltf\DTcms\DTcms.Web\producJPview.aspx.cs:行号 277
   在 DTcms.Web.WebForm4.btnAddcart_Click(Object sender, ImageClickEventArgs e) 位置 f:\ltf\DTcms\DTcms.Web\producJPview.aspx.cs:行号 84
   在 LitJson.JsonMapper.WriteValue(Object obj, JsonWriter writer, Boolean writer_is_private, Int32 depth)
   在 LitJson.JsonMapper.WriteValue(Object obj, JsonWriter writer, Boolean writer_is_private, Int32 depth)
   在 LitJson.JsonMapper.WriteValue(Object obj, JsonWriter writer, Boolean writer_is_private, Int32 depth)
   在 LitJson.JsonMapper.WriteValue(Object obj, JsonWriter writer, Boolean writer_is_private, Int32 depth)
   在 LitJson.JsonMapper.WriteValue(Object obj, JsonWriter writer, Boolean writer_is_private, Int32 depth)
   在 LitJson.JsonMapper.WriteValue(Object obj, JsonWriter writer, Boolean writer_is_private, Int32 depth)
   在 LitJson.JsonMapper.WriteValue(Object obj, JsonWriter writer, Boolean writer_is_private, Int32 depth)
   在 LitJson.JsonMapper.WriteValue(Object obj, JsonWriter writer, Boolean writer_is_private, Int32 depth)
   在 LitJson.JsonMapper.WriteValue(Object obj, JsonWriter writer, Boolean writer_is_private, Int32 depth)
   在 LitJson.JsonMapper.WriteValue(Object obj, JsonWriter writer, Boolean writer_is_private, Int32 depth)
   在 LitJson.JsonMapper.WriteValue(Object obj, JsonWriter writer, Boolean writer_is_private, Int32 depth)
   在 LitJson.JsonMapper.WriteValue(Object obj, JsonWriter writer, Boolean writer_is_private, Int32 depth)
   在 LitJson.JsonMapper.WriteValue(Object obj, JsonWriter writer, Boolean writer_is_private, Int32 depth)
   在 LitJson.JsonMapper.WriteValue(Object obj, JsonWriter writer, Boolean writer_is_private, Int32 depth)
   在 LitJson.JsonMapper.WriteValue(Object obj, JsonWriter writer, Boolean writer_is_private, Int32 depth)
   在 LitJson.JsonMapper.WriteValue(Object obj, JsonWriter writer, Boolean writer_is_private, Int32 depth)
   在 LitJson.JsonMapper.WriteValue(Object obj, JsonWriter writer, Boolean writer_is_private, Int32 depth)
   在 LitJson.JsonMapper.WriteValue(Object obj, JsonWriter writer, Boolean writer_is_private, Int32 depth)
   在 LitJson.JsonMapper.WriteValue(Object obj, JsonWriter writer, Boolean writer_is_private, Int32 depth)
   在 LitJson.JsonMapper.WriteValue(Object obj, JsonWriter writer, Boolean writer_is_private, Int32 depth)
   在 LitJson.JsonMapper.WriteValue(Object obj, JsonWriter writer, Boolean writer_is_private, Int32 depth)
   在 LitJson.JsonMapper.WriteValue(Object obj, JsonWriter writer, Boolean writer_is_private, Int32 depth)
   在 LitJson.JsonMapper.WriteValue(Object obj, JsonWriter writer, Boolean writer_is_private, Int32 depth)
   在 LitJson.JsonMapper.WriteValue(Object obj, JsonWriter writer, Boolean writer_is_private, Int32 depth)
   在 LitJson.JsonMapper.WriteValue(Object obj, JsonWriter writer, Boolean writer_is_private, Int32 depth)
   在 LitJson.JsonMapper.WriteValue(Object obj, JsonWriter writer, Boolean writer_is_private, Int32 depth)
   在 LitJson.JsonMapper.WriteValue(Object obj, JsonWriter writer, Boolean writer_is_private, Int32 depth)
   在 LitJson.JsonMapper.WriteValue(Object obj, JsonWriter writer, Boolean writer_is_private, Int32 depth)
   在 LitJson.JsonMapper.WriteValue(Object obj, JsonWriter writer, Boolean writer_is_private, Int32 depth)
   在 LitJson.JsonMapper.WriteValue(Object obj, JsonWriter writer, Boolean writer_is_private, Int32 depth)
   在 LitJson.JsonMapper.WriteValue(Object obj, JsonWriter writer, Boolean writer_is_private, Int32 depth)
   在 LitJson.JsonMapper.WriteValue(Object obj, JsonWriter writer, Boolean writer_is_private, Int32 depth)
   在 LitJson.JsonMapper.WriteValue(Object obj, JsonWriter writer, Boolean writer_is_private, Int32 depth)
   在 LitJson.JsonMapper.WriteValue(Object obj, JsonWriter writer, Boolean writer_is_private, Int32 depth)
   在 LitJson.JsonMapper.WriteValue(Object obj, JsonWriter writer, Boolean writer_is_private, Int32 depth)
   在 LitJson.JsonMapper.WriteValue(Object obj, JsonWriter writer, Boolean writer_is_private, Int32 depth)
   在 LitJson.JsonMapper.WriteValue(Object obj, JsonWriter writer, Boolean writer_is_private, Int32 depth)
   在 LitJson.JsonMapper.WriteValue(Object obj, JsonWriter writer, Boolean writer_is_private, Int32 depth)
   在 LitJson.JsonMapper.WriteValue(Object obj, JsonWriter writer, Boolean writer_is_private, Int32 depth)
   在 LitJson.JsonMapper.WriteValue(Object obj, JsonWriter writer, Boolean writer_is_private, Int32 depth)
   在 LitJson.JsonMapper.WriteValue(Object obj, JsonWriter writer, Boolean writer_is_private, Int32 depth)
   在 LitJson.JsonMapper.WriteValue(Object obj, JsonWriter writer, Boolean writer_is_private, Int32 depth)
   在 LitJson.JsonMapper.WriteValue(Object obj, JsonWriter writer, Boolean writer_is_private, Int32 depth)
   在 LitJson.JsonMapper.WriteValue(Object obj, JsonWriter writer, Boolean writer_is_private, Int32 depth)
   在 LitJson.JsonMapper.WriteValue(Object obj, JsonWriter writer, Boolean writer_is_private, Int32 depth)
   在 LitJson.JsonMapper.WriteValue(Object obj, JsonWriter writer, Boolean writer_is_private, Int32 depth)
   在 LitJson.JsonMapper.WriteValue(Object obj, JsonWriter writer, Boolean writer_is_private, Int32 depth)
   在 LitJson.JsonMapper.WriteValue(Object obj, JsonWriter writer, Boolean writer_is_private, Int32 depth)
   在 LitJson.JsonMapper.WriteValue(Object obj, JsonWriter writer, Boolean writer_is_private, Int32 depth)
   在 LitJson.JsonMapper.WriteValue(Object obj, JsonWriter writer, Boolean writer_is_private, Int32 depth)
   在 LitJson.JsonMapper.WriteValue(Object obj, JsonWriter writer, Boolean writer_is_private, Int32 depth)
   在 LitJson.JsonMapper.WriteValue(Object obj, JsonWriter writer, Boolean writer_is_private, Int32 depth)
   在 LitJson.JsonMapper.WriteValue(Object obj, JsonWriter writer, Boolean writer_is_private, Int32 depth)
   在 LitJson.JsonMapper.WriteValue(Object obj, JsonWriter writer, Boolean writer_is_private, Int32 depth)
   在 LitJson.JsonMapper.WriteValue(Object obj, JsonWriter writer, Boolean writer_is_private, Int32 depth)
   在 LitJson.JsonMapper.WriteValue(Object obj, JsonWriter writer, Boolean writer_is_private, Int32 depth)
   在 LitJson.JsonMapper.WriteValue(Object obj, JsonWriter writer, Boolean writer_is_private, Int32 depth)
   在 LitJson.JsonMapper.WriteValue(Object obj, JsonWriter writer, Boolean writer_is_private, Int32 depth)
   在 LitJson.JsonMapper.WriteValue(Object obj, JsonWriter writer, Boolean writer_is_private, Int32 depth)
   在 LitJson.JsonMapper.WriteValue(Object obj, JsonWriter writer, Boolean writer_is_private, Int32 depth)
   在 LitJson.JsonMapper.WriteValue(Object obj, JsonWriter writer, Boolean writer_is_private, Int32 depth)
   在 LitJson.JsonMapper.WriteValue(Object obj, JsonWriter writer, Boolean writer_is_private, Int32 depth)
   在 LitJson.JsonMapper.WriteValue(Object obj, JsonWriter writer, Boolean writer_is_private, Int32 depth)
   在 LitJson.JsonMapper.WriteValue(Object obj, JsonWriter writer, Boolean writer_is_private, Int32 depth)
   在 LitJson.JsonMapper.WriteValue(Object obj, JsonWriter writer, Boolean writer_is_private, Int32 depth)
   在 LitJson.JsonMapper.WriteValue(Object obj, JsonWriter writer, Boolean writer_is_private, Int32 depth)
   在 LitJson.JsonMapper.WriteValue(Object obj, JsonWriter writer, Boolean writer_is_private, Int32 depth)
   在 LitJson.JsonMapper.WriteValue(Object obj, JsonWriter writer, Boolean writer_is_private, Int32 depth)
   在 LitJson.JsonMapper.WriteValue(Object obj, JsonWriter writer, Boolean writer_is_private, Int32 depth)
   在 LitJson.JsonMapper.WriteValue(Object obj, JsonWriter writer, Boolean writer_is_private, Int32 depth)
   在 LitJson.JsonMapper.WriteValue(Object obj, JsonWriter writer, Boolean writer_is_private, Int32 depth)
   在 LitJson.JsonMapper.WriteValue(Object obj, JsonWriter writer, Boolean writer_is_private, Int32 depth)
   在 LitJson.JsonMapper.WriteValue(Object obj, JsonWriter writer, Boolean writer_is_private, Int32 depth)
   在 LitJson.JsonMapper.WriteValue(Object obj, JsonWriter writer, Boolean writer_is_private, Int32 depth)
   在 LitJson.JsonMapper.WriteValue(Object obj, JsonWriter writer, Boolean writer_is_private, Int32 depth)
   在 LitJson.JsonMapper.WriteValue(Object obj, JsonWriter writer, Boolean writer_is_private, Int32 depth)
   在 LitJson.JsonMapper.WriteValue(Object obj, JsonWriter writer, Boolean writer_is_private, Int32 depth)
   在 LitJson.JsonMapper.WriteValue(Object obj, JsonWriter writer, Boolean writer_is_private, Int32 depth)
   在 LitJson.JsonMapper.WriteValue(Object obj, JsonWriter writer, Boolean writer_is_private, Int32 depth)
   在 LitJson.JsonMapper.WriteValue(Object obj, JsonWriter writer, Boolean writer_is_private, Int32 depth)
   在 LitJson.JsonMapper.WriteValue(Object obj, JsonWriter writer, Boolean writer_is_private, Int32 depth)
   在 LitJson.JsonMapper.WriteValue(Object obj, JsonWriter writer, Boolean writer_is_private, Int32 depth)
   在 LitJson.JsonMapper.WriteValue(Object obj, JsonWriter writer, Boolean writer_is_private, Int32 depth)
   在 LitJson.JsonMapper.WriteValue(Object obj, JsonWriter writer, Boolean writer_is_private, Int32 depth)
   在 LitJson.JsonMapper.WriteValue(Object obj, JsonWriter writer, Boolean writer_is_private, Int32 depth)
   在 LitJson.JsonMapper.WriteValue(Object obj, JsonWriter writer, Boolean writer_is_private, Int32 depth)
   在 LitJson.JsonMapper.WriteValue(Object obj, JsonWriter writer, Boolean writer_is_private, Int32 depth)
   在 LitJson.JsonMapper.WriteValue(Object obj, JsonWriter writer, Boolean writer_is_private, Int32 depth)
   在 LitJson.JsonMapper.WriteValue(Object obj, JsonWriter writer, Boolean writer_is_private, Int32 depth)
   在 LitJson.JsonMapper.WriteValue(Object obj, JsonWriter writer, Boolean writer_is_private, Int32 depth)
   在 LitJson.JsonMapper.WriteValue(Object obj, JsonWriter writer, Boolean writer_is_private, Int32 depth)
   在 LitJson.JsonMapper.WriteValue(Object obj, JsonWriter writer, Boolean writer_is_private, Int32 depth)
   在 LitJson.JsonMapper.WriteValue(Object obj, JsonWriter writer, Boolean writer_is_private, Int32 depth)
   在 LitJson.JsonMapper.WriteValue(Object obj, JsonWriter writer, Boolean writer_is_private, Int32 depth)
   在 LitJson.JsonMapper.WriteValue(Object obj, JsonWriter writer, Boolean writer_is_private, Int32 depth)
   在 LitJson.JsonMapper.WriteValue(Object obj, JsonWriter writer, Boolean writer_is_private, Int32 depth)
   在 LitJson.JsonMapper.WriteValue(Object obj, JsonWriter writer, Boolean writer_is_private, Int32 depth)
   在 LitJson.JsonMapper.WriteValue(Object obj, JsonWriter writer, Boolean writer_is_private, Int32 depth)
   在 LitJson.JsonMapper.WriteValue(Object obj, JsonWriter writer, Boolean writer_is_private, Int32 depth)
   在 LitJson.JsonMapper.WriteValue(Object obj, JsonWriter writer, Boolean writer_is_private, Int32 depth)
   在 LitJson.JsonMapper.WriteValue(Object obj, JsonWriter writer, Boolean writer_is_private, Int32 depth)
   在 LitJson.JsonMapper.WriteValue(Object obj, JsonWriter writer, Boolean writer_is_private, Int32 depth)
   在 LitJson.JsonMapper.ToJson(Object obj)
   在 DTcms.Web.WebForm4.AddCat(String GoUrl) 位置 f:\ltf\DTcms\DTcms.Web\producJPview.aspx.cs:行号 277
   在 DTcms.Web.WebForm4.btnAddcart_Click(Object sender, ImageClickEventArgs e) 位置 f:\ltf\DTcms\DTcms.Web\producJPview.aspx.cs:行号 84
