

eshop(IP:127.0.0.1)	2018/11/14 19:39:11	用户 'sa' 登录失败。
   在 DTcms.DBUtility.DbHelperSQL.Query(String SQLString) 位置 f:\ltf\DTcms\DTcms.DBUtility\DbHelperSQL.cs:行号 552
   在 DTcms.DAL.users.GetList(Int32 Top, String strWhere, String filedOrder) 位置 f:\ltf\DTcms\DTcms.DAL\users.cs:行号 728
   在 DTcms.BLL.users.GetList(Int32 Top, String strWhere, String filedOrder) 位置 f:\ltf\DTcms\DTcms.BLL\users.cs:行号 145
   在 DTcms.Web.Global.Session_Start(Object sender, EventArgs e) 位置 f:\ltf\DTcms\DTcms.Web\Global.asax.cs:行号 51
   在 System.Web.SessionState.SessionStateModule.CompleteAcquireState()
   在 System.Web.SessionState.SessionStateModule.BeginAcquireState(Object source, EventArgs e, AsyncCallback cb, Object extraData)
   在 System.Web.HttpApplication.AsyncEventExecutionStep.System.Web.HttpApplication.IExecutionStep.Execute()
   在 System.Web.HttpApplication.ExecuteStepImpl(IExecutionStep step)
   在 System.Web.HttpApplication.ExecuteStep(IExecutionStep step, Boolean& completedSynchronously)


eshop(IP:127.0.0.1)	2018/11/14 19:41:09	用户 'sa' 登录失败。
   在 DTcms.DBUtility.DbHelperSQL.GetSingle(String SQLString, SqlParameter[] cmdParms) 位置 f:\ltf\DTcms\DTcms.DBUtility\DbHelperSQL.cs:行号 885
   在 DTcms.DAL.manager.GetModel(String user_name, String user_pwd) 位置 f:\ltf\DTcms\DTcms.DAL\manager.cs:行号 252
   在 DTcms.BLL.manager.GetModel(String user_name, String user_pwd) 位置 f:\ltf\DTcms\DTcms.BLL\manager.cs:行号 69
   在 DTcms.Web.admin.login.btnSubmit_Click(Object sender, EventArgs e) 位置 f:\ltf\DTcms\DTcms.Web\admin\login.aspx.cs:行号 52
   在 System.Web.UI.WebControls.Button.OnClick(EventArgs e)
   在 System.Web.UI.WebControls.Button.RaisePostBackEvent(String eventArgument)
   在 System.Web.UI.Page.ProcessRequestMain(Boolean includeStagesBeforeAsyncPoint, Boolean includeStagesAfterAsyncPoint)


eshop(IP:127.0.0.1)	2018/11/14 19:42:09	用户 'sa' 登录失败。
   在 DTcms.DBUtility.DbHelperSQL.GetSingle(String SQLString, SqlParameter[] cmdParms) 位置 f:\ltf\DTcms\DTcms.DBUtility\DbHelperSQL.cs:行号 885
   在 DTcms.DAL.manager.GetModel(String user_name, String user_pwd) 位置 f:\ltf\DTcms\DTcms.DAL\manager.cs:行号 252
   在 DTcms.BLL.manager.GetModel(String user_name, String user_pwd) 位置 f:\ltf\DTcms\DTcms.BLL\manager.cs:行号 69
   在 DTcms.Web.admin.login.btnSubmit_Click(Object sender, EventArgs e) 位置 f:\ltf\DTcms\DTcms.Web\admin\login.aspx.cs:行号 52
   在 System.Web.UI.WebControls.Button.OnClick(EventArgs e)
   在 System.Web.UI.WebControls.Button.RaisePostBackEvent(String eventArgument)
   在 System.Web.UI.Page.ProcessRequestMain(Boolean includeStagesBeforeAsyncPoint, Boolean includeStagesAfterAsyncPoint)


eshop(IP:127.0.0.1)	2018/11/14 19:43:02	用户 'sa' 登录失败。
   在 DTcms.DBUtility.DbHelperSQL.Query(String SQLString) 位置 f:\ltf\DTcms\DTcms.DBUtility\DbHelperSQL.cs:行号 552
   在 DTcms.DAL.article.GetPageindexList(String WherePostid, Int32 pageSize, String strWhere) 位置 f:\ltf\DTcms\DTcms.DAL\article.cs:行号 241
   在 DTcms.Web.index.Bind1() 位置 f:\ltf\DTcms\DTcms.Web\index.aspx.cs:行号 124
   在 DTcms.Web.index.Page_Load(Object sender, EventArgs e) 位置 f:\ltf\DTcms\DTcms.Web\index.aspx.cs:行号 34
   在 System.Web.UI.Control.OnLoad(EventArgs e)
   在 System.Web.UI.Control.LoadRecursive()
   在 System.Web.UI.Page.ProcessRequestMain(Boolean includeStagesBeforeAsyncPoint, Boolean includeStagesAfterAsyncPoint)


eshop(IP:127.0.0.1)	2018/11/14 19:43:42	用户 'sa' 登录失败。
   在 DTcms.DBUtility.DbHelperSQL.Query(String SQLString) 位置 f:\ltf\DTcms\DTcms.DBUtility\DbHelperSQL.cs:行号 552
   在 DTcms.DAL.article.GetPageindexList(String WherePostid, Int32 pageSize, String strWhere) 位置 f:\ltf\DTcms\DTcms.DAL\article.cs:行号 241
   在 DTcms.Web.index.Bind1() 位置 f:\ltf\DTcms\DTcms.Web\index.aspx.cs:行号 124
   在 DTcms.Web.index.Page_Load(Object sender, EventArgs e) 位置 f:\ltf\DTcms\DTcms.Web\index.aspx.cs:行号 34
   在 System.Web.UI.Control.OnLoad(EventArgs e)
   在 System.Web.UI.Control.LoadRecursive()
   在 System.Web.UI.Page.ProcessRequestMain(Boolean includeStagesBeforeAsyncPoint, Boolean includeStagesAfterAsyncPoint)


eshop(IP:127.0.0.1)	2018/11/14 19:44:34	用户 'sa' 登录失败。
   在 DTcms.DBUtility.DbHelperSQL.Query(String SQLString) 位置 f:\ltf\DTcms\DTcms.DBUtility\DbHelperSQL.cs:行号 552
   在 DTcms.DAL.article.GetPageindexList(String WherePostid, Int32 pageSize, String strWhere) 位置 f:\ltf\DTcms\DTcms.DAL\article.cs:行号 241
   在 DTcms.Web.index.Bind1() 位置 f:\ltf\DTcms\DTcms.Web\index.aspx.cs:行号 124
   在 DTcms.Web.index.Page_Load(Object sender, EventArgs e) 位置 f:\ltf\DTcms\DTcms.Web\index.aspx.cs:行号 34
   在 System.Web.UI.Control.OnLoad(EventArgs e)
   在 System.Web.UI.Control.LoadRecursive()
   在 System.Web.UI.Page.ProcessRequestMain(Boolean includeStagesBeforeAsyncPoint, Boolean includeStagesAfterAsyncPoint)


eshop(IP:127.0.0.1)	2018/11/14 19:44:55	用户 'sa' 登录失败。
   在 DTcms.DBUtility.DbHelperSQL.Query(String SQLString) 位置 f:\ltf\DTcms\DTcms.DBUtility\DbHelperSQL.cs:行号 552
   在 DTcms.DAL.article.GetPageindexList(String WherePostid, Int32 pageSize, String strWhere) 位置 f:\ltf\DTcms\DTcms.DAL\article.cs:行号 241
   在 DTcms.Web.index.Bind1() 位置 f:\ltf\DTcms\DTcms.Web\index.aspx.cs:行号 124
   在 DTcms.Web.index.Page_Load(Object sender, EventArgs e) 位置 f:\ltf\DTcms\DTcms.Web\index.aspx.cs:行号 34
   在 System.Web.UI.Control.OnLoad(EventArgs e)
   在 System.Web.UI.Control.LoadRecursive()
   在 System.Web.UI.Page.ProcessRequestMain(Boolean includeStagesBeforeAsyncPoint, Boolean includeStagesAfterAsyncPoint)
